2026-03-17 18:47:32,182 - ECurveFitLogger - INFO - Configuration values loaded:
2026-03-17 18:47:32,183 - ECurveFitLogger - INFO - DB Path: ~/Log_Files/inverter_operations.db
2026-03-17 18:47:32,183 - ECurveFitLogger - INFO - File Path: ~/Log_Files/register_data_log.txt
2026-03-17 18:47:32,183 - ECurveFitLogger - INFO - Curve Fit Path: ~/Log_Files/curvefit.png
2026-03-17 18:47:32,192 - ECurveFitLogger - INFO - Remote Input file Path: ~/DSO_IN/RemoteInputs.txt
2026-03-17 18:47:32,192 - ECurveFitLogger - INFO - Default Power Factor: 0.5
2026-03-17 18:47:32,193 - ECurveFitLogger - INFO - ESC SOC Limit: 20
2026-03-17 18:47:32,193 - ECurveFitLogger - INFO - Inverter Rated S: 11000
2026-03-17 18:47:32,193 - ECurveFitLogger - INFO - Normalizing Voltage: 120
2026-03-17 18:47:32,194 - ECurveFitLogger - INFO - Max ESC Voltage Regulation Iterations: 100
2026-03-17 18:47:32,194 - ECurveFitLogger - INFO - ESC Step Time: 2
2026-03-17 18:47:32,194 - ECurveFitLogger - INFO - SOC Upper Voltage Limit: 20
2026-03-17 18:47:32,195 - ECurveFitLogger - INFO - SOC Lower Voltage Limit: 95
2026-03-17 18:47:32,221 - ECurveFitLogger - INFO - ESC Agent initialized with configuration:
2026-03-17 18:47:32,221 - ECurveFitLogger - INFO - DB Path: /home/taha/Log_Files/inverter_operations.db
2026-03-17 18:47:32,222 - ECurveFitLogger - INFO - File Path: /home/taha/Log_Files/register_data_log.txt
2026-03-17 18:47:32,222 - ECurveFitLogger - INFO - Curve Fit Path: /home/taha/Log_Files/curvefit.png
2026-03-17 18:47:32,222 - ECurveFitLogger - INFO - Curve Fit Path: /home/taha/DSO_IN/RemoteInputs.txt
2026-03-17 18:47:32,223 - ECurveFitLogger - INFO - Default Power Factor: 0.5
2026-03-17 18:47:32,223 - ECurveFitLogger - INFO - ESC SOC Limit: 20
2026-03-17 18:47:32,223 - ECurveFitLogger - INFO - Inverter Rated S: 11000
2026-03-17 18:47:32,224 - ECurveFitLogger - INFO - Normalizing Voltage: 120
2026-03-17 18:47:32,232 - ECurveFitLogger - INFO - Max ESC Voltage Regulation Iterations: 100
2026-03-17 18:47:32,233 - ECurveFitLogger - INFO - ESC Step Time: 2
2026-03-17 18:47:32,233 - ECurveFitLogger - INFO - SOC Upper Voltage Limit: 20
2026-03-17 18:47:32,233 - ECurveFitLogger - INFO - SOC Lower Voltage Limit: 95
2026-03-17 18:47:32,233 - ECurveFitLogger - INFO - trying connecting to data base
2026-03-17 18:47:32,234 - ECurveFitLogger - INFO - Connected to the SQLite database successfully
2026-03-17 18:47:32,458 - ECurveFitLogger - INFO - Curve Fitting Agent started
2026-03-18 14:19:28,795 - ECurveFitLogger - INFO - Configuration values loaded:
2026-03-18 14:19:28,798 - ECurveFitLogger - INFO - DB Path: ~/Log_Files/inverter_operations.db
2026-03-18 14:19:28,799 - ECurveFitLogger - INFO - File Path: ~/Log_Files/register_data_log.txt
2026-03-18 14:19:28,799 - ECurveFitLogger - INFO - Curve Fit Path: ~/Log_Files/curvefit.png
2026-03-18 14:19:28,800 - ECurveFitLogger - INFO - Remote Input file Path: ~/DSO_IN/RemoteInputs.txt
2026-03-18 14:19:28,800 - ECurveFitLogger - INFO - Default Power Factor: 0.5
2026-03-18 14:19:28,800 - ECurveFitLogger - INFO - ESC SOC Limit: 20
2026-03-18 14:19:28,801 - ECurveFitLogger - INFO - Inverter Rated S: 11000
2026-03-18 14:19:28,801 - ECurveFitLogger - INFO - Normalizing Voltage: 120
2026-03-18 14:19:28,801 - ECurveFitLogger - INFO - Max ESC Voltage Regulation Iterations: 100
2026-03-18 14:19:28,802 - ECurveFitLogger - INFO - ESC Step Time: 2
2026-03-18 14:19:28,802 - ECurveFitLogger - INFO - SOC Upper Voltage Limit: 20
2026-03-18 14:19:28,803 - ECurveFitLogger - INFO - SOC Lower Voltage Limit: 95
2026-03-18 14:19:28,818 - ECurveFitLogger - INFO - ESC Agent initialized with configuration:
2026-03-18 14:19:28,818 - ECurveFitLogger - INFO - DB Path: /home/taha/Log_Files/inverter_operations.db
2026-03-18 14:19:28,819 - ECurveFitLogger - INFO - File Path: /home/taha/Log_Files/register_data_log.txt
2026-03-18 14:19:28,819 - ECurveFitLogger - INFO - Curve Fit Path: /home/taha/Log_Files/curvefit.png
2026-03-18 14:19:28,819 - ECurveFitLogger - INFO - Curve Fit Path: /home/taha/DSO_IN/RemoteInputs.txt
2026-03-18 14:19:28,820 - ECurveFitLogger - INFO - Default Power Factor: 0.5
2026-03-18 14:19:28,821 - ECurveFitLogger - INFO - ESC SOC Limit: 20
2026-03-18 14:19:28,821 - ECurveFitLogger - INFO - Inverter Rated S: 11000
2026-03-18 14:19:28,821 - ECurveFitLogger - INFO - Normalizing Voltage: 120
2026-03-18 14:19:28,822 - ECurveFitLogger - INFO - Max ESC Voltage Regulation Iterations: 100
2026-03-18 14:19:28,822 - ECurveFitLogger - INFO - ESC Step Time: 2
2026-03-18 14:19:28,823 - ECurveFitLogger - INFO - SOC Upper Voltage Limit: 20
2026-03-18 14:19:28,823 - ECurveFitLogger - INFO - SOC Lower Voltage Limit: 95
2026-03-18 14:19:28,823 - ECurveFitLogger - INFO - trying connecting to data base
2026-03-18 14:19:28,824 - ECurveFitLogger - INFO - Connected to the SQLite database successfully
2026-03-18 14:19:29,100 - ECurveFitLogger - INFO - Curve Fitting Agent started
2026-03-18 15:02:19,304 - ECurveFitLogger - INFO - Configuration values loaded:
2026-03-18 15:02:19,307 - ECurveFitLogger - INFO - DB Path: ~/Log_Files/inverter_operations.db
2026-03-18 15:02:19,308 - ECurveFitLogger - INFO - File Path: ~/Log_Files/register_data_log.txt
2026-03-18 15:02:19,308 - ECurveFitLogger - INFO - Curve Fit Path: ~/Log_Files/curvefit.png
2026-03-18 15:02:19,309 - ECurveFitLogger - INFO - Remote Input file Path: ~/DSO_IN/RemoteInputs.txt
2026-03-18 15:02:19,310 - ECurveFitLogger - INFO - Default Power Factor: 0.5
2026-03-18 15:02:19,310 - ECurveFitLogger - INFO - ESC SOC Limit: 20
2026-03-18 15:02:19,311 - ECurveFitLogger - INFO - Inverter Rated S: 11000
2026-03-18 15:02:19,311 - ECurveFitLogger - INFO - Normalizing Voltage: 120
2026-03-18 15:02:19,312 - ECurveFitLogger - INFO - Max ESC Voltage Regulation Iterations: 100
2026-03-18 15:02:19,312 - ECurveFitLogger - INFO - ESC Step Time: 2
2026-03-18 15:02:19,313 - ECurveFitLogger - INFO - SOC Upper Voltage Limit: 20
2026-03-18 15:02:19,313 - ECurveFitLogger - INFO - SOC Lower Voltage Limit: 95
2026-03-18 15:02:19,331 - ECurveFitLogger - INFO - ESC Agent initialized with configuration:
2026-03-18 15:02:19,332 - ECurveFitLogger - INFO - DB Path: /home/taha/Log_Files/inverter_operations.db
2026-03-18 15:02:19,332 - ECurveFitLogger - INFO - File Path: /home/taha/Log_Files/register_data_log.txt
2026-03-18 15:02:19,333 - ECurveFitLogger - INFO - Curve Fit Path: /home/taha/Log_Files/curvefit.png
2026-03-18 15:02:19,333 - ECurveFitLogger - INFO - Curve Fit Path: /home/taha/DSO_IN/RemoteInputs.txt
2026-03-18 15:02:19,334 - ECurveFitLogger - INFO - Default Power Factor: 0.5
2026-03-18 15:02:19,334 - ECurveFitLogger - INFO - ESC SOC Limit: 20
2026-03-18 15:02:19,334 - ECurveFitLogger - INFO - Inverter Rated S: 11000
2026-03-18 15:02:19,335 - ECurveFitLogger - INFO - Normalizing Voltage: 120
2026-03-18 15:02:19,335 - ECurveFitLogger - INFO - Max ESC Voltage Regulation Iterations: 100
2026-03-18 15:02:19,336 - ECurveFitLogger - INFO - ESC Step Time: 2
2026-03-18 15:02:19,336 - ECurveFitLogger - INFO - SOC Upper Voltage Limit: 20
2026-03-18 15:02:19,336 - ECurveFitLogger - INFO - SOC Lower Voltage Limit: 95
2026-03-18 15:02:19,337 - ECurveFitLogger - INFO - trying connecting to data base
2026-03-18 15:02:19,338 - ECurveFitLogger - INFO - Connected to the SQLite database successfully
2026-03-18 15:02:19,767 - ECurveFitLogger - INFO - Curve Fitting Agent started
2026-03-18 15:05:50,045 - ECurveFitLogger - INFO - RPC call received. Fitting started...
2026-03-18 15:05:50,045 - ECurveFitLogger - INFO - 1...
2026-03-18 15:05:50,046 - ECurveFitLogger - INFO - 1 done..
2026-03-18 15:05:50,047 - ECurveFitLogger - INFO - Preparing data for curve fitting...
2026-03-18 15:05:50,047 - ECurveFitLogger - INFO - Filtered data size: 22 entries.
2026-03-18 15:05:50,047 - ECurveFitLogger - INFO - 3...
2026-03-18 15:05:50,070 - ECurveFitLogger - WARNING - No minimum exists: Curve opens downwards.
2026-03-18 15:05:50,071 - ECurveFitLogger - INFO - 4...
2026-03-18 15:05:51,173 - ECurveFitLogger - INFO - Plot saved to /home/taha/Log_Files/curvefit.png
2026-03-18 15:05:51,173 - ECurveFitLogger - INFO - 5...
2026-03-18 15:05:51,174 - ECurveFitLogger - WARNING - optimum_pf value 3.817929204364956 is out of range. Resetting to 0.5.
2026-03-18 15:05:51,174 - ECurveFitLogger - INFO - Updating Act_Reac_Ratio in ESC_data table with value: 0.5
2026-03-18 15:05:51,186 - ECurveFitLogger - INFO - Successfully updated Act_Reac_Ratio in ESC_data table.
2026-03-18 15:05:51,186 - ECurveFitLogger - INFO - RPC Call completed
