2026-03-18 16:09:02,206 - ECurveFitLogger - INFO - Configuration values loaded:
2026-03-18 16:09:02,209 - ECurveFitLogger - INFO - DB Path: ~/Log_Files/inverter_operations.db
2026-03-18 16:09:02,210 - ECurveFitLogger - INFO - File Path: ~/Log_Files/register_data_log.txt
2026-03-18 16:09:02,210 - ECurveFitLogger - INFO - Curve Fit Path: ~/Log_Files/curvefit.png
2026-03-18 16:09:02,211 - ECurveFitLogger - INFO - Remote Input file Path: ~/DSO_IN/RemoteInputs.txt
2026-03-18 16:09:02,211 - ECurveFitLogger - INFO - Default Power Factor: 0.5
2026-03-18 16:09:02,212 - ECurveFitLogger - INFO - ESC SOC Limit: 20
2026-03-18 16:09:02,213 - ECurveFitLogger - INFO - Inverter Rated S: 11000
2026-03-18 16:09:02,213 - ECurveFitLogger - INFO - Normalizing Voltage: 125
2026-03-18 16:09:02,214 - ECurveFitLogger - INFO - Max ESC Voltage Regulation Iterations: 100
2026-03-18 16:09:02,214 - ECurveFitLogger - INFO - ESC Step Time: 2
2026-03-18 16:09:02,215 - ECurveFitLogger - INFO - SOC Upper Voltage Limit: 20
2026-03-18 16:09:02,215 - ECurveFitLogger - INFO - SOC Lower Voltage Limit: 95
2026-03-18 16:09:02,233 - ECurveFitLogger - INFO - ESC Agent initialized with configuration:
2026-03-18 16:09:02,234 - ECurveFitLogger - INFO - DB Path: /home/taha/Log_Files/inverter_operations.db
2026-03-18 16:09:02,235 - ECurveFitLogger - INFO - File Path: /home/taha/Log_Files/register_data_log.txt
2026-03-18 16:09:02,235 - ECurveFitLogger - INFO - Curve Fit Path: /home/taha/Log_Files/curvefit.png
2026-03-18 16:09:02,236 - ECurveFitLogger - INFO - Curve Fit Path: /home/taha/DSO_IN/RemoteInputs.txt
2026-03-18 16:09:02,236 - ECurveFitLogger - INFO - Default Power Factor: 0.5
2026-03-18 16:09:02,236 - ECurveFitLogger - INFO - ESC SOC Limit: 20
2026-03-18 16:09:02,237 - ECurveFitLogger - INFO - Inverter Rated S: 11000
2026-03-18 16:09:02,237 - ECurveFitLogger - INFO - Normalizing Voltage: 125
2026-03-18 16:09:02,238 - ECurveFitLogger - INFO - Max ESC Voltage Regulation Iterations: 100
2026-03-18 16:09:02,238 - ECurveFitLogger - INFO - ESC Step Time: 2
2026-03-18 16:09:02,238 - ECurveFitLogger - INFO - SOC Upper Voltage Limit: 20
2026-03-18 16:09:02,239 - ECurveFitLogger - INFO - SOC Lower Voltage Limit: 95
2026-03-18 16:09:02,239 - ECurveFitLogger - INFO - trying connecting to data base
2026-03-18 16:09:02,240 - ECurveFitLogger - INFO - Connected to the SQLite database successfully
2026-03-18 16:09:02,447 - ECurveFitLogger - INFO - Curve Fitting Agent started
