2026-03-18 16:08:48,797 - ESCLogger - INFO - Configuration values loaded:
2026-03-18 16:08:48,798 - ESCLogger - INFO - DB Path: ~/Log_Files/inverter_operations.db
2026-03-18 16:08:48,798 - ESCLogger - INFO - File Path: ~/Log_Files/register_data_log.txt
2026-03-18 16:08:48,799 - ESCLogger - INFO - Curve Fit Path: ~/Log_Files/curvefit.png
2026-03-18 16:08:48,800 - ESCLogger - INFO - Remote Input file Path: ~/DSO_IN/RemoteInputs.txt
2026-03-18 16:08:48,800 - ESCLogger - INFO - Default Power Factor: 0.5
2026-03-18 16:08:48,800 - ESCLogger - INFO - ESC SOC Limit: 20
2026-03-18 16:08:48,801 - ESCLogger - INFO - Inverter Rated S: 11000
2026-03-18 16:08:48,801 - ESCLogger - INFO - Normalizing Voltage: 125
2026-03-18 16:08:48,801 - ESCLogger - INFO - Max ESC Voltage Regulation Iterations: 100
2026-03-18 16:08:48,802 - ESCLogger - INFO - ESC Step Time: 2
2026-03-18 16:08:48,802 - ESCLogger - INFO - SOC Upper Voltage Limit: 20
2026-03-18 16:08:48,802 - ESCLogger - INFO - SOC Lower Voltage Limit: 95
2026-03-18 16:08:48,816 - ESCLogger - INFO - ESC Agent initialized with configuration:
2026-03-18 16:08:48,817 - ESCLogger - INFO - DB Path: /home/taha/Log_Files/inverter_operations.db
2026-03-18 16:08:48,818 - ESCLogger - INFO - File Path: /home/taha/Log_Files/register_data_log.txt
2026-03-18 16:08:48,819 - ESCLogger - INFO - Curve Fit Path: /home/taha/Log_Files/curvefit.png
2026-03-18 16:08:48,819 - ESCLogger - INFO - Curve Fit Path: /home/taha/DSO_IN/RemoteInputs.txt
2026-03-18 16:08:48,819 - ESCLogger - INFO - Default Power Factor: 0.5
2026-03-18 16:08:48,820 - ESCLogger - INFO - ESC SOC Limit: 20
2026-03-18 16:08:48,820 - ESCLogger - INFO - Inverter Rated S: 11000
2026-03-18 16:08:48,820 - ESCLogger - INFO - Normalizing Voltage: 125
2026-03-18 16:08:48,821 - ESCLogger - INFO - Max ESC Voltage Regulation Iterations: 100
2026-03-18 16:08:48,821 - ESCLogger - INFO - ESC Step Time: 2
2026-03-18 16:08:48,821 - ESCLogger - INFO - SOC Upper Voltage Limit: 20
2026-03-18 16:08:48,822 - ESCLogger - INFO - SOC Lower Voltage Limit: 95
2026-03-18 16:08:48,822 - ESCLogger - INFO - trying connecting to data base
2026-03-18 16:08:48,823 - ESCLogger - INFO - Connected to the SQLite database successfully
2026-03-18 16:08:49,029 - ESCLogger - INFO - E.Seeking Agent started...
