2026-03-18 16:08:56,458 - PQAdjLogger - INFO - Configuration values loaded:
2026-03-18 16:08:56,459 - PQAdjLogger - INFO - DB Path: ~/Log_Files/inverter_operations.db
2026-03-18 16:08:56,459 - PQAdjLogger - INFO - File Path: ~/Log_Files/register_data_log.txt
2026-03-18 16:08:56,460 - PQAdjLogger - INFO - Curve Fit Path: ~/Log_Files/curvefit.png
2026-03-18 16:08:56,460 - PQAdjLogger - INFO - Remote Input file Path: ~/DSO_IN/RemoteInputs.txt
2026-03-18 16:08:56,460 - PQAdjLogger - INFO - Default Power Factor: 0.5
2026-03-18 16:08:56,460 - PQAdjLogger - INFO - ESC SOC Limit: 20
2026-03-18 16:08:56,461 - PQAdjLogger - INFO - Inverter Rated S: 11000
2026-03-18 16:08:56,461 - PQAdjLogger - INFO - Normalizing Voltage: 125
2026-03-18 16:08:56,461 - PQAdjLogger - INFO - Max ESC Voltage Regulation Iterations: 100
2026-03-18 16:08:56,462 - PQAdjLogger - INFO - ESC Step Time: 2
2026-03-18 16:08:56,462 - PQAdjLogger - INFO - SOC Upper Voltage Limit: 20
2026-03-18 16:08:56,462 - PQAdjLogger - INFO - SOC Lower Voltage Limit: 95
2026-03-18 16:08:56,476 - PQAdjLogger - INFO - ESC Agent initialized with configuration:
2026-03-18 16:08:56,476 - PQAdjLogger - INFO - DB Path: /home/taha/Log_Files/inverter_operations.db
2026-03-18 16:08:56,477 - PQAdjLogger - INFO - File Path: /home/taha/Log_Files/register_data_log.txt
2026-03-18 16:08:56,477 - PQAdjLogger - INFO - Curve Fit Path: /home/taha/Log_Files/curvefit.png
2026-03-18 16:08:56,478 - PQAdjLogger - INFO - Curve Fit Path: /home/taha/DSO_IN/RemoteInputs.txt
2026-03-18 16:08:56,478 - PQAdjLogger - INFO - Default Power Factor: 0.5
2026-03-18 16:08:56,479 - PQAdjLogger - INFO - ESC SOC Limit: 20
2026-03-18 16:08:56,479 - PQAdjLogger - INFO - Inverter Rated S: 11000
2026-03-18 16:08:56,479 - PQAdjLogger - INFO - Normalizing Voltage: 125
2026-03-18 16:08:56,479 - PQAdjLogger - INFO - Max ESC Voltage Regulation Iterations: 100
2026-03-18 16:08:56,480 - PQAdjLogger - INFO - ESC Step Time: 2
2026-03-18 16:08:56,480 - PQAdjLogger - INFO - SOC Upper Voltage Limit: 20
2026-03-18 16:08:56,480 - PQAdjLogger - INFO - SOC Lower Voltage Limit: 95
2026-03-18 16:08:56,481 - PQAdjLogger - INFO - trying connecting to data base
2026-03-18 16:08:56,482 - PQAdjLogger - INFO - Connected to the SQLite database successfully
2026-03-18 16:08:56,828 - PQAdjLogger - INFO - PQAdj Agent started...
