2026-03-17 18:47:52,067 - INFO - Interupt detection file started
2026-03-18 14:19:48,594 - INFO - Interupt detection file started
2026-03-18 15:02:39,154 - INFO - Interupt detection file started
2026-03-18 15:25:32,542 - INFO - Interrupt detected! Mode change identified.
2026-03-18 15:25:32,543 - INFO - Running mode processor script...
2026-03-18 15:26:01,620 - INFO - Mode processor script executed successfully.
2026-03-18 15:52:45,258 - INFO - Interrupt detected! Mode change identified.
2026-03-18 15:52:45,259 - INFO - Running mode processor script...
2026-03-18 15:54:27,371 - INFO - Mode processor script executed successfully.
2026-03-18 16:02:19,857 - INFO - Interrupt detected! Mode change identified.
2026-03-18 16:02:19,857 - INFO - Running mode processor script...
2026-03-18 16:02:49,762 - INFO - Mode processor script executed successfully.
2026-03-18 16:07:36,050 - INFO - Interrupt detected! Mode change identified.
2026-03-18 16:07:36,051 - INFO - Running mode processor script...
2026-03-18 16:09:17,077 - INFO - Mode processor script executed successfully.
2026-03-18 16:13:05,307 - INFO - Interrupt detected! Mode change identified.
2026-03-18 16:13:05,307 - INFO - Running mode processor script...
2026-03-18 16:22:29,783 - INFO - Mode processor script executed successfully.
2026-03-18 16:53:10,092 - INFO - Interrupt detected! Mode change identified.
2026-03-18 16:53:10,093 - INFO - Running mode processor script...
2026-03-18 16:55:09,613 - INFO - Mode processor script executed successfully.
2026-03-18 17:38:16,251 - INFO - Interrupt detected! Mode change identified.
2026-03-18 17:38:16,252 - INFO - Running mode processor script...
2026-03-18 17:47:40,457 - INFO - Mode processor script executed successfully.
2026-03-18 18:31:45,843 - INFO - Interrupt detected! Mode change identified.
2026-03-18 18:31:45,844 - INFO - Running mode processor script...
2026-03-18 18:34:50,990 - INFO - Mode processor script executed successfully.
2026-03-19 14:42:30,439 - INFO - Interupt detection file started.
2026-03-19 16:34:09,358 - INFO - Interupt detection file started
2026-03-30 18:45:03,653 - INFO - Interupt detection file started
2026-03-30 19:17:07,421 - INFO - Interupt detection file started
2026-03-30 21:27:33,390 - INFO - Interrupt detected! Mode change identified.
2026-03-30 21:27:33,390 - INFO - Running mode processor script...
2026-03-30 21:28:05,564 - INFO - Mode processor script executed successfully.
2026-04-23 16:27:08,522 - INFO - Interupt detection file started
