2026-03-17 18:17:08,840 - INFO - Remove script...
2026-03-17 18:46:02,261 - INFO - Remove agent script executed successfully.
2026-03-17 18:46:02,261 - INFO - Running mode processor script...
2026-03-17 18:47:46,907 - INFO - Mode processor script executed successfully.
2026-03-17 18:47:51,912 - INFO - Running interrupt detection script...
2026-03-17 18:47:27,647 - INFO - Remove script...
2026-03-18 14:17:58,349 - INFO - Remove agent script executed successfully.
2026-03-18 14:17:58,350 - INFO - Running mode processor script...
2026-03-18 14:19:43,468 - INFO - Mode processor script executed successfully.
2026-03-18 14:19:48,472 - INFO - Running interrupt detection script...
2026-03-18 14:58:58,394 - INFO - Remove script...
2026-03-18 15:00:49,675 - INFO - Remove agent script executed successfully.
2026-03-18 15:00:49,676 - INFO - Running mode processor script...
2026-03-18 15:02:33,977 - INFO - Mode processor script executed successfully.
2026-03-18 15:02:38,982 - INFO - Running interrupt detection script...
2026-03-18 18:46:15,471 - INFO - Remove script...
2026-03-19 14:40:38,449 - INFO - Remove agent script executed successfully.
2026-03-19 14:40:38,449 - INFO - Running mode processor script...
2026-03-19 14:42:25,299 - INFO - Mode processor script executed successfully.
2026-03-19 14:42:30,305 - INFO - Running interrupt detection script...
2026-03-19 16:30:42,152 - INFO - Remove script...
2026-03-19 16:32:15,700 - INFO - Remove agent script executed successfully.
2026-03-19 16:32:15,700 - INFO - Running mode processor script...
2026-03-19 16:34:04,241 - INFO - Mode processor script executed successfully.
2026-03-19 16:34:09,243 - INFO - Running interrupt detection script...
2026-03-19 16:35:08,553 - INFO - Remove script...
2026-03-30 18:43:45,114 - INFO - Remove agent script executed successfully.
2026-03-30 18:43:45,115 - INFO - Running mode processor script...
2026-03-30 18:44:58,527 - INFO - Mode processor script executed successfully.
2026-03-30 18:45:03,533 - INFO - Running interrupt detection script...
2026-03-30 19:14:13,207 - INFO - Remove script...
2026-03-30 19:15:13,579 - INFO - Remove agent script executed successfully.
2026-03-30 19:15:13,579 - INFO - Running mode processor script...
2026-03-30 19:17:02,269 - INFO - Mode processor script executed successfully.
2026-03-30 19:17:07,275 - INFO - Running interrupt detection script...
2026-04-23 16:17:08,526 - INFO - Remove script...
2026-04-23 16:26:39,968 - INFO - Remove agent script executed successfully.
2026-04-23 16:26:39,969 - INFO - Running mode processor script...
