2026-03-17 18:46:02,399 - INFO - At least one mode is ON. Executing actions...
2026-03-17 18:46:02,399 - INFO - Install_Agents called.
2026-03-17 18:47:35,872 - INFO - Script Install_AND_START_AGENTS.py executed successfully.
2026-03-17 18:47:45,880 - INFO - Check for Tripping called.
2026-03-18 14:17:58,472 - INFO - At least one mode is ON. Executing actions...
2026-03-18 14:17:58,472 - INFO - Install_Agents called.
2026-03-18 14:19:32,433 - INFO - Script Install_AND_START_AGENTS.py executed successfully.
2026-03-18 14:19:42,444 - INFO - Check for Tripping called.
2026-03-18 15:00:49,814 - INFO - At least one mode is ON. Executing actions...
2026-03-18 15:00:49,815 - INFO - Install_Agents called.
2026-03-18 15:02:22,946 - INFO - Script Install_AND_START_AGENTS.py executed successfully.
2026-03-18 15:02:32,954 - INFO - Check for Tripping called.
2026-03-18 15:25:32,680 - INFO - All modes are OFF. Executing cleanup...
2026-03-18 15:25:32,681 - INFO - Remove_Agents called.
2026-03-18 15:26:01,420 - INFO - Script Remove_Agent.py executed successfully.
2026-03-18 15:26:01,421 - INFO - Organize_Files called.
2026-03-18 15:26:01,599 - INFO - Script Organize_files.py executed successfully.
2026-03-18 15:52:45,425 - INFO - At least one mode is ON. Executing actions...
2026-03-18 15:52:45,425 - INFO - Install_Agents called.
2026-03-18 15:54:16,339 - INFO - Script Install_AND_START_AGENTS.py executed successfully.
2026-03-18 15:54:26,346 - INFO - Check for Tripping called.
2026-03-18 16:02:20,028 - INFO - All modes are OFF. Executing cleanup...
2026-03-18 16:02:20,028 - INFO - Remove_Agents called.
2026-03-18 16:02:49,577 - INFO - Script Remove_Agent.py executed successfully.
2026-03-18 16:02:49,577 - INFO - Organize_Files called.
2026-03-18 16:02:49,737 - INFO - Script Organize_files.py executed successfully.
2026-03-18 16:07:36,197 - INFO - At least one mode is ON. Executing actions...
2026-03-18 16:07:36,198 - INFO - Install_Agents called.
2026-03-18 16:09:06,041 - INFO - Script Install_AND_START_AGENTS.py executed successfully.
2026-03-18 16:09:16,053 - INFO - Check for Tripping called.
2026-03-18 16:13:05,432 - INFO - All modes are OFF. Executing cleanup...
2026-03-18 16:13:05,433 - INFO - Remove_Agents called.
2026-03-18 16:22:29,592 - INFO - Script Remove_Agent.py executed successfully.
2026-03-18 16:22:29,592 - INFO - Organize_Files called.
2026-03-18 16:22:29,764 - INFO - Script Organize_files.py executed successfully.
2026-03-18 16:53:10,251 - INFO - At least one mode is ON. Executing actions...
2026-03-18 16:53:10,252 - INFO - Install_Agents called.
2026-03-18 16:54:58,581 - INFO - Script Install_AND_START_AGENTS.py executed successfully.
2026-03-18 16:55:08,590 - INFO - Check for Tripping called.
2026-03-18 17:38:16,372 - INFO - All modes are OFF. Executing cleanup...
2026-03-18 17:38:16,372 - INFO - Remove_Agents called.
2026-03-18 17:47:40,270 - INFO - Script Remove_Agent.py executed successfully.
2026-03-18 17:47:40,270 - INFO - Organize_Files called.
2026-03-18 17:47:40,434 - INFO - Script Organize_files.py executed successfully.
2026-03-18 18:31:45,938 - INFO - At least one mode is ON. Executing actions...
2026-03-18 18:31:45,938 - INFO - Install_Agents called.
2026-03-18 18:34:39,957 - INFO - Script Install_AND_START_AGENTS.py executed successfully.
2026-03-18 18:34:49,966 - INFO - Check for Tripping called.
2026-03-19 14:40:38,568 - INFO - At least one mode is ON. Executing actions...
2026-03-19 14:40:38,569 - INFO - Install_Agents called.
2026-03-19 14:42:14,267 - INFO - Script Install_AND_START_AGENTS.py executed successfully.
2026-03-19 14:42:24,276 - INFO - Check for Tripping called.
2026-03-19 16:32:15,857 - INFO - At least one mode is ON. Executing actions...
2026-03-19 16:32:15,858 - INFO - Install_Agents called.
2026-03-19 16:33:53,206 - INFO - Script Install_AND_START_AGENTS.py executed successfully.
2026-03-19 16:34:03,215 - INFO - Check for Tripping called.
2026-03-30 18:43:45,238 - INFO - At least one mode is ON. Executing actions...
2026-03-30 18:43:45,239 - INFO - Install_Agents called.
2026-03-30 18:44:47,495 - INFO - Script Install_AND_START_AGENTS.py executed successfully.
2026-03-30 18:44:57,502 - INFO - Check for Tripping called.
2026-03-30 19:15:13,706 - INFO - At least one mode is ON. Executing actions...
2026-03-30 19:15:13,707 - INFO - Install_Agents called.
2026-03-30 19:16:51,238 - INFO - Script Install_AND_START_AGENTS.py executed successfully.
2026-03-30 19:17:01,247 - INFO - Check for Tripping called.
2026-03-30 21:27:33,557 - INFO - All modes are OFF. Executing cleanup...
2026-03-30 21:27:33,558 - INFO - Remove_Agents called.
2026-03-30 21:28:05,394 - INFO - Script Remove_Agent.py executed successfully.
2026-03-30 21:28:05,394 - INFO - Organize_Files called.
2026-03-30 21:28:05,534 - INFO - Script Organize_files.py executed successfully.
2026-04-23 16:26:40,090 - INFO - All modes are OFF. Executing cleanup...
2026-04-23 16:26:40,091 - INFO - Remove_Agents called.
