2026-03-18 15:54:12,395 - ECurveFitLogger - INFO - Configuration values loaded:
2026-03-18 15:54:12,396 - ECurveFitLogger - INFO - DB Path: ~/Log_Files/inverter_operations.db
2026-03-18 15:54:12,396 - ECurveFitLogger - INFO - File Path: ~/Log_Files/register_data_log.txt
2026-03-18 15:54:12,396 - ECurveFitLogger - INFO - Curve Fit Path: ~/Log_Files/curvefit.png
2026-03-18 15:54:12,397 - ECurveFitLogger - INFO - Remote Input file Path: ~/DSO_IN/RemoteInputs.txt
2026-03-18 15:54:12,397 - ECurveFitLogger - INFO - Default Power Factor: 0.5
2026-03-18 15:54:12,398 - ECurveFitLogger - INFO - ESC SOC Limit: 20
2026-03-18 15:54:12,398 - ECurveFitLogger - INFO - Inverter Rated S: 11000
2026-03-18 15:54:12,398 - ECurveFitLogger - INFO - Normalizing Voltage: 120
2026-03-18 15:54:12,399 - ECurveFitLogger - INFO - Max ESC Voltage Regulation Iterations: 100
2026-03-18 15:54:12,400 - ECurveFitLogger - INFO - ESC Step Time: 2
2026-03-18 15:54:12,400 - ECurveFitLogger - INFO - SOC Upper Voltage Limit: 20
2026-03-18 15:54:12,400 - ECurveFitLogger - INFO - SOC Lower Voltage Limit: 95
2026-03-18 15:54:12,417 - ECurveFitLogger - INFO - ESC Agent initialized with configuration:
2026-03-18 15:54:12,417 - ECurveFitLogger - INFO - DB Path: /home/taha/Log_Files/inverter_operations.db
2026-03-18 15:54:12,418 - ECurveFitLogger - INFO - File Path: /home/taha/Log_Files/register_data_log.txt
2026-03-18 15:54:12,418 - ECurveFitLogger - INFO - Curve Fit Path: /home/taha/Log_Files/curvefit.png
2026-03-18 15:54:12,419 - ECurveFitLogger - INFO - Curve Fit Path: /home/taha/DSO_IN/RemoteInputs.txt
2026-03-18 15:54:12,419 - ECurveFitLogger - INFO - Default Power Factor: 0.5
2026-03-18 15:54:12,419 - ECurveFitLogger - INFO - ESC SOC Limit: 20
2026-03-18 15:54:12,420 - ECurveFitLogger - INFO - Inverter Rated S: 11000
2026-03-18 15:54:12,420 - ECurveFitLogger - INFO - Normalizing Voltage: 120
2026-03-18 15:54:12,421 - ECurveFitLogger - INFO - Max ESC Voltage Regulation Iterations: 100
2026-03-18 15:54:12,421 - ECurveFitLogger - INFO - ESC Step Time: 2
2026-03-18 15:54:12,421 - ECurveFitLogger - INFO - SOC Upper Voltage Limit: 20
2026-03-18 15:54:12,422 - ECurveFitLogger - INFO - SOC Lower Voltage Limit: 95
2026-03-18 15:54:12,422 - ECurveFitLogger - INFO - trying connecting to data base
2026-03-18 15:54:12,423 - ECurveFitLogger - INFO - Connected to the SQLite database successfully
2026-03-18 15:54:12,696 - ECurveFitLogger - INFO - Curve Fitting Agent started
