2026-03-18 15:53:58,799 - ESCLogger - INFO - Configuration values loaded:
2026-03-18 15:53:58,800 - ESCLogger - INFO - DB Path: ~/Log_Files/inverter_operations.db
2026-03-18 15:53:58,800 - ESCLogger - INFO - File Path: ~/Log_Files/register_data_log.txt
2026-03-18 15:53:58,801 - ESCLogger - INFO - Curve Fit Path: ~/Log_Files/curvefit.png
2026-03-18 15:53:58,802 - ESCLogger - INFO - Remote Input file Path: ~/DSO_IN/RemoteInputs.txt
2026-03-18 15:53:58,802 - ESCLogger - INFO - Default Power Factor: 0.5
2026-03-18 15:53:58,803 - ESCLogger - INFO - ESC SOC Limit: 20
2026-03-18 15:53:58,803 - ESCLogger - INFO - Inverter Rated S: 11000
2026-03-18 15:53:58,804 - ESCLogger - INFO - Normalizing Voltage: 120
2026-03-18 15:53:58,804 - ESCLogger - INFO - Max ESC Voltage Regulation Iterations: 100
2026-03-18 15:53:58,805 - ESCLogger - INFO - ESC Step Time: 2
2026-03-18 15:53:58,805 - ESCLogger - INFO - SOC Upper Voltage Limit: 20
2026-03-18 15:53:58,806 - ESCLogger - INFO - SOC Lower Voltage Limit: 95
2026-03-18 15:53:58,834 - ESCLogger - INFO - ESC Agent initialized with configuration:
2026-03-18 15:53:58,837 - ESCLogger - INFO - DB Path: /home/taha/Log_Files/inverter_operations.db
2026-03-18 15:53:58,837 - ESCLogger - INFO - File Path: /home/taha/Log_Files/register_data_log.txt
2026-03-18 15:53:58,837 - ESCLogger - INFO - Curve Fit Path: /home/taha/Log_Files/curvefit.png
2026-03-18 15:53:58,838 - ESCLogger - INFO - Curve Fit Path: /home/taha/DSO_IN/RemoteInputs.txt
2026-03-18 15:53:58,838 - ESCLogger - INFO - Default Power Factor: 0.5
2026-03-18 15:53:58,839 - ESCLogger - INFO - ESC SOC Limit: 20
2026-03-18 15:53:58,839 - ESCLogger - INFO - Inverter Rated S: 11000
2026-03-18 15:53:58,840 - ESCLogger - INFO - Normalizing Voltage: 120
2026-03-18 15:53:58,840 - ESCLogger - INFO - Max ESC Voltage Regulation Iterations: 100
2026-03-18 15:53:58,841 - ESCLogger - INFO - ESC Step Time: 2
2026-03-18 15:53:58,842 - ESCLogger - INFO - SOC Upper Voltage Limit: 20
2026-03-18 15:53:58,842 - ESCLogger - INFO - SOC Lower Voltage Limit: 95
2026-03-18 15:53:58,845 - ESCLogger - INFO - trying connecting to data base
2026-03-18 15:53:58,846 - ESCLogger - INFO - Connected to the SQLite database successfully
2026-03-18 15:53:59,091 - ESCLogger - INFO - E.Seeking Agent started...
2026-03-18 16:02:37,860 - ESCLogger - INFO - E. Seeking agent stopped.
