2026-03-18 15:53:56,130 - ESCVRLogger - INFO - Configuration values loaded:
2026-03-18 15:53:56,131 - ESCVRLogger - INFO - DB Path: ~/Log_Files/inverter_operations.db
2026-03-18 15:53:56,131 - ESCVRLogger - INFO - File Path: ~/Log_Files/register_data_log.txt
2026-03-18 15:53:56,132 - ESCVRLogger - INFO - Curve Fit Path: ~/Log_Files/curvefit.png
2026-03-18 15:53:56,132 - ESCVRLogger - INFO - Remote Input file Path: ~/DSO_IN/RemoteInputs.txt
2026-03-18 15:53:56,132 - ESCVRLogger - INFO - Default Power Factor: 0.5
2026-03-18 15:53:56,133 - ESCVRLogger - INFO - ESC SOC Limit: 20
2026-03-18 15:53:56,133 - ESCVRLogger - INFO - Inverter Rated S: 11000
2026-03-18 15:53:56,133 - ESCVRLogger - INFO - Normalizing Voltage: 120
2026-03-18 15:53:56,134 - ESCVRLogger - INFO - Max ESC Voltage Regulation Iterations: 100
2026-03-18 15:53:56,134 - ESCVRLogger - INFO - ESC Step Time: 2
2026-03-18 15:53:56,134 - ESCVRLogger - INFO - SOC Upper Voltage Limit: 20
2026-03-18 15:53:56,135 - ESCVRLogger - INFO - SOC Lower Voltage Limit: 95
2026-03-18 15:53:56,150 - ESCVRLogger - INFO - ESC Agent initialized with configuration:
2026-03-18 15:53:56,151 - ESCVRLogger - INFO - DB Path: /home/taha/Log_Files/inverter_operations.db
2026-03-18 15:53:56,151 - ESCVRLogger - INFO - File Path: /home/taha/Log_Files/register_data_log.txt
2026-03-18 15:53:56,152 - ESCVRLogger - INFO - Curve Fit Path: /home/taha/Log_Files/curvefit.png
2026-03-18 15:53:56,152 - ESCVRLogger - INFO - Curve Fit Path: /home/taha/DSO_IN/RemoteInputs.txt
2026-03-18 15:53:56,153 - ESCVRLogger - INFO - Default Power Factor: 0.5
2026-03-18 15:53:56,154 - ESCVRLogger - INFO - ESC SOC Limit: 20
2026-03-18 15:53:56,154 - ESCVRLogger - INFO - Inverter Rated S: 11000
2026-03-18 15:53:56,155 - ESCVRLogger - INFO - Normalizing Voltage: 120
2026-03-18 15:53:56,155 - ESCVRLogger - INFO - Max ESC Voltage Regulation Iterations: 100
2026-03-18 15:53:56,156 - ESCVRLogger - INFO - ESC Step Time: 2
2026-03-18 15:53:56,156 - ESCVRLogger - INFO - SOC Upper Voltage Limit: 20
2026-03-18 15:53:56,156 - ESCVRLogger - INFO - SOC Lower Voltage Limit: 95
2026-03-18 15:53:56,157 - ESCVRLogger - INFO - trying connecting to data base
2026-03-18 15:53:56,157 - ESCVRLogger - INFO - Connected to the SQLite database successfully
2026-03-18 15:53:56,459 - ESCVRLogger - INFO - ESC Agent started, waiting for 20 seconds before starting operations...
2026-03-18 15:54:14,186 - ESCVRLogger - INFO - ESC_volt_reg Turned off..
2026-03-18 15:54:14,374 - ESCVRLogger - INFO - ESC_volt_reg Turned off..
2026-03-18 15:54:16,460 - ESCVRLogger - INFO - Executing query for operational_data
2026-03-18 15:54:16,462 - ESCVRLogger - INFO - Fetched from operational_data: (1, 1, 0, 0, -800, 200, 1000, 5.0, 0.98, 1.02, 900, 200, 2)
2026-03-18 15:54:16,462 - ESCVRLogger - INFO - Executing query for inverter_registers
2026-03-18 15:54:16,463 - ESCVRLogger - INFO - Fetched from inverter_registers: (407.3, 203.5, 66.0, 124.0, 14.200000000000001, -1940.0, -3040.0, 3630.0, 3)
2026-03-18 15:54:16,464 - ESCVRLogger - INFO - Voltage 1.0333333333333334
2026-03-18 15:54:18,513 - ESCVRLogger - INFO - ESC_volt_reg Turned off..
2026-03-18 15:54:21,465 - ESCVRLogger - INFO - Executing query for operational_data
2026-03-18 15:54:21,466 - ESCVRLogger - INFO - Fetched from operational_data: (1, 1, 0, 0, -800, 200, 1000, 5.0, 0.98, 1.02, 900, 200, 2)
2026-03-18 15:54:21,466 - ESCVRLogger - INFO - Executing query for inverter_registers
2026-03-18 15:54:21,467 - ESCVRLogger - INFO - Fetched from inverter_registers: (411.40000000000003, 205.9, 66.0, 123.9, 14.700000000000001, -1530.0, -570.0, 1630.0, 3)
2026-03-18 15:54:21,468 - ESCVRLogger - INFO - Voltage 1.0325
2026-03-18 15:54:22,573 - ESCVRLogger - INFO - ESC_volt_reg Turned off..
2026-03-18 15:54:26,470 - ESCVRLogger - INFO - Executing query for operational_data
2026-03-18 15:54:26,471 - ESCVRLogger - INFO - Fetched from operational_data: (1, 1, 0, 0, -800, 200, 1000, 5.0, 0.98, 1.02, 900, 200, 2)
2026-03-18 15:54:26,472 - ESCVRLogger - INFO - Executing query for inverter_registers
2026-03-18 15:54:26,472 - ESCVRLogger - INFO - Fetched from inverter_registers: (417.0, 208.3, 66.0, 125.7, 3.8000000000000003, -990.0, 170.0, 1010.0, 3)
2026-03-18 15:54:26,473 - ESCVRLogger - INFO - Voltage 1.0475
2026-03-18 15:54:26,619 - ESCVRLogger - INFO - ESC_volt_reg Turned off..
2026-03-18 15:54:30,661 - ESCVRLogger - INFO - ESC_volt_reg Turned off..
2026-03-18 15:54:31,474 - ESCVRLogger - INFO - Executing query for operational_data
2026-03-18 15:54:31,475 - ESCVRLogger - INFO - Fetched from operational_data: (1, 1, 0, 0, -800, 200, 1000, 5.0, 0.98, 1.02, 900, 200, 2)
2026-03-18 15:54:31,476 - ESCVRLogger - INFO - Executing query for inverter_registers
2026-03-18 15:54:31,477 - ESCVRLogger - INFO - Fetched from inverter_registers: (417.20000000000005, 208.4, 66.0, 125.7, 3.7, -970.0, 160.0, 990.0, 3)
2026-03-18 15:54:31,478 - ESCVRLogger - INFO - Voltage 1.0475
2026-03-18 15:54:34,706 - ESCVRLogger - INFO - ESC_volt_reg Turned off..
2026-03-18 15:54:36,481 - ESCVRLogger - INFO - Executing query for operational_data
2026-03-18 15:54:36,482 - ESCVRLogger - INFO - Fetched from operational_data: (1, 1, 0, 0, -800, 200, 1000, 5.0, 0.98, 1.02, 900, 200, 2)
2026-03-18 15:54:36,482 - ESCVRLogger - INFO - Executing query for inverter_registers
2026-03-18 15:54:36,483 - ESCVRLogger - INFO - Fetched from inverter_registers: (417.0, 208.4, 66.0, 125.7, 3.7, -970.0, 180.0, 990.0, 3)
2026-03-18 15:54:36,483 - ESCVRLogger - INFO - Voltage 1.0475
2026-03-18 15:54:38,758 - ESCVRLogger - INFO - ESC_volt_reg Turned off..
2026-03-18 15:54:41,486 - ESCVRLogger - INFO - Executing query for operational_data
2026-03-18 15:54:41,487 - ESCVRLogger - INFO - Fetched from operational_data: (1, 1, 0, 0, -800, 200, 1000, 5.0, 0.98, 1.02, 900, 200, 2)
2026-03-18 15:54:41,488 - ESCVRLogger - INFO - Executing query for inverter_registers
2026-03-18 15:54:41,489 - ESCVRLogger - INFO - Fetched from inverter_registers: (416.90000000000003, 208.3, 66.0, 125.7, 3.7, -970.0, 170.0, 990.0, 3)
2026-03-18 15:54:41,489 - ESCVRLogger - INFO - Voltage 1.0475
2026-03-18 15:54:42,814 - ESCVRLogger - INFO - ESC_volt_reg Turned off..
2026-03-18 15:54:46,490 - ESCVRLogger - INFO - Executing query for operational_data
2026-03-18 15:54:46,491 - ESCVRLogger - INFO - Fetched from operational_data: (1, 1, 0, 0, -800, 200, 1000, 5.0, 0.98, 1.02, 900, 200, 2)
2026-03-18 15:54:46,492 - ESCVRLogger - INFO - Executing query for inverter_registers
2026-03-18 15:54:46,493 - ESCVRLogger - INFO - Fetched from inverter_registers: (416.90000000000003, 208.3, 66.0, 125.7, 3.7, -970.0, 170.0, 990.0, 3)
2026-03-18 15:54:46,495 - ESCVRLogger - INFO - Voltage 1.0475
2026-03-18 15:54:46,867 - ESCVRLogger - INFO - ESC_volt_reg Turned off..
2026-03-18 15:54:50,922 - ESCVRLogger - INFO - ESC_volt_reg Turned off..
2026-03-18 15:54:51,497 - ESCVRLogger - INFO - Executing query for operational_data
2026-03-18 15:54:51,498 - ESCVRLogger - INFO - Fetched from operational_data: (1, 1, 0, 0, -800, 200, 1000, 5.0, 0.98, 1.02, 900, 200, 2)
2026-03-18 15:54:51,499 - ESCVRLogger - INFO - Executing query for inverter_registers
2026-03-18 15:54:51,499 - ESCVRLogger - INFO - Fetched from inverter_registers: (417.0, 208.4, 66.0, 125.7, 3.7, -970.0, 180.0, 990.0, 3)
2026-03-18 15:54:51,500 - ESCVRLogger - INFO - Voltage 1.0475
2026-03-18 15:54:55,001 - ESCVRLogger - INFO - ESC_volt_reg Turned off..
2026-03-18 15:54:56,502 - ESCVRLogger - INFO - Executing query for operational_data
2026-03-18 15:54:56,503 - ESCVRLogger - INFO - Fetched from operational_data: (1, 1, 0, 0, -800, 200, 1000, 5.0, 0.98, 1.02, 900, 200, 2)
2026-03-18 15:54:56,503 - ESCVRLogger - INFO - Executing query for inverter_registers
2026-03-18 15:54:56,504 - ESCVRLogger - INFO - Fetched from inverter_registers: (416.90000000000003, 208.4, 66.0, 125.7, 3.7, -970.0, 190.0, 990.0, 3)
2026-03-18 15:54:56,504 - ESCVRLogger - INFO - Voltage 1.0475
2026-03-18 15:54:59,061 - ESCVRLogger - INFO - ESC_volt_reg Turned off..
2026-03-18 15:55:01,505 - ESCVRLogger - INFO - Executing query for operational_data
2026-03-18 15:55:01,507 - ESCVRLogger - INFO - Fetched from operational_data: (1, 1, 0, 0, -800, 200, 1000, 5.0, 0.98, 1.02, 900, 200, 2)
2026-03-18 15:55:01,508 - ESCVRLogger - INFO - Executing query for inverter_registers
2026-03-18 15:55:01,509 - ESCVRLogger - INFO - Fetched from inverter_registers: (416.90000000000003, 208.4, 66.0, 125.7, 3.7, -970.0, 160.0, 980.0, 3)
2026-03-18 15:55:01,510 - ESCVRLogger - INFO - Voltage 1.0475
2026-03-18 15:55:03,119 - ESCVRLogger - INFO - ESC_volt_reg Turned off..
2026-03-18 15:55:06,511 - ESCVRLogger - INFO - Executing query for operational_data
2026-03-18 15:55:06,512 - ESCVRLogger - INFO - Fetched from operational_data: (1, 1, 0, 0, -800, 200, 1000, 5.0, 0.98, 1.02, 900, 200, 2)
2026-03-18 15:55:06,513 - ESCVRLogger - INFO - Executing query for inverter_registers
2026-03-18 15:55:06,514 - ESCVRLogger - INFO - Fetched from inverter_registers: (417.0, 208.5, 66.0, 125.7, 3.7, -980.0, 180.0, 980.0, 3)
2026-03-18 15:55:06,515 - ESCVRLogger - INFO - Voltage 1.0475
2026-03-18 15:55:07,218 - ESCVRLogger - INFO - ESC_volt_reg Turned off..
2026-03-18 15:55:11,343 - ESCVRLogger - INFO - ESC_volt_reg Turned off..
2026-03-18 15:55:11,517 - ESCVRLogger - INFO - Executing query for operational_data
2026-03-18 15:55:11,518 - ESCVRLogger - INFO - Fetched from operational_data: (1, 1, 0, 0, -800, 200, 1000, 5.0, 0.98, 1.02, 900, 200, 2)
2026-03-18 15:55:11,518 - ESCVRLogger - INFO - Executing query for inverter_registers
2026-03-18 15:55:11,519 - ESCVRLogger - INFO - Fetched from inverter_registers: (416.90000000000003, 208.3, 66.0, 125.7, 3.7, -970.0, 170.0, 990.0, 3)
2026-03-18 15:55:11,520 - ESCVRLogger - INFO - Voltage 1.0475
2026-03-18 15:55:15,402 - ESCVRLogger - INFO - ESC_volt_reg Turned off..
2026-03-18 15:55:16,521 - ESCVRLogger - INFO - Executing query for operational_data
2026-03-18 15:55:16,522 - ESCVRLogger - INFO - Fetched from operational_data: (1, 1, 0, 0, -800, 200, 1000, 5.0, 0.98, 1.02, 900, 200, 2)
2026-03-18 15:55:16,522 - ESCVRLogger - INFO - Executing query for inverter_registers
2026-03-18 15:55:16,523 - ESCVRLogger - INFO - Fetched from inverter_registers: (416.90000000000003, 208.4, 66.0, 125.7, 3.7, -970.0, 160.0, 980.0, 3)
2026-03-18 15:55:16,524 - ESCVRLogger - INFO - Voltage 1.0475
2026-03-18 15:55:19,456 - ESCVRLogger - INFO - ESC_volt_reg Turned off..
2026-03-18 15:55:21,526 - ESCVRLogger - INFO - Executing query for operational_data
2026-03-18 15:55:21,527 - ESCVRLogger - INFO - Fetched from operational_data: (1, 1, 0, 0, -800, 200, 1000, 5.0, 0.98, 1.02, 900, 200, 2)
2026-03-18 15:55:21,528 - ESCVRLogger - INFO - Executing query for inverter_registers
2026-03-18 15:55:21,528 - ESCVRLogger - INFO - Fetched from inverter_registers: (416.90000000000003, 208.5, 66.0, 125.7, 3.7, -980.0, 160.0, 980.0, 3)
2026-03-18 15:55:21,529 - ESCVRLogger - INFO - Voltage 1.0475
2026-03-18 15:55:23,518 - ESCVRLogger - INFO - ESC_volt_reg Turned off..
2026-03-18 15:55:26,530 - ESCVRLogger - INFO - Executing query for operational_data
2026-03-18 15:55:26,530 - ESCVRLogger - INFO - Fetched from operational_data: (1, 1, 0, 0, -800, 200, 1000, 5.0, 0.98, 1.02, 900, 200, 2)
2026-03-18 15:55:26,531 - ESCVRLogger - INFO - Executing query for inverter_registers
2026-03-18 15:55:26,531 - ESCVRLogger - INFO - Fetched from inverter_registers: (417.0, 208.70000000000002, 66.0, 125.7, 3.7, -970.0, 160.0, 980.0, 3)
2026-03-18 15:55:26,532 - ESCVRLogger - INFO - Voltage 1.0475
2026-03-18 15:55:27,588 - ESCVRLogger - INFO - ESC_volt_reg Turned off..
2026-03-18 15:55:31,533 - ESCVRLogger - INFO - Executing query for operational_data
2026-03-18 15:55:31,533 - ESCVRLogger - INFO - Fetched from operational_data: (1, 1, 0, 0, -800, 200, 1000, 5.0, 0.98, 1.02, 900, 200, 2)
2026-03-18 15:55:31,534 - ESCVRLogger - INFO - Executing query for inverter_registers
2026-03-18 15:55:31,535 - ESCVRLogger - INFO - Fetched from inverter_registers: (417.0, 208.4, 66.0, 125.7, 3.7, -970.0, 170.0, 980.0, 3)
2026-03-18 15:55:31,535 - ESCVRLogger - INFO - Voltage 1.0475
2026-03-18 15:55:31,634 - ESCVRLogger - INFO - ESC_volt_reg Turned off..
2026-03-18 15:55:35,682 - ESCVRLogger - INFO - ESC_volt_reg Turned off..
2026-03-18 15:55:36,536 - ESCVRLogger - INFO - Executing query for operational_data
2026-03-18 15:55:36,545 - ESCVRLogger - INFO - Fetched from operational_data: (1, 1, 0, 0, -800, 200, 1000, 5.0, 0.98, 1.02, 900, 200, 2)
2026-03-18 15:55:36,546 - ESCVRLogger - INFO - Executing query for inverter_registers
2026-03-18 15:55:36,546 - ESCVRLogger - INFO - Fetched from inverter_registers: (416.90000000000003, 208.5, 66.0, 125.7, 3.7, -970.0, 170.0, 980.0, 3)
2026-03-18 15:55:36,547 - ESCVRLogger - INFO - Voltage 1.0475
2026-03-18 15:55:39,732 - ESCVRLogger - INFO - ESC_volt_reg Turned off..
2026-03-18 15:55:41,548 - ESCVRLogger - INFO - Executing query for operational_data
2026-03-18 15:55:41,549 - ESCVRLogger - INFO - Fetched from operational_data: (1, 1, 0, 0, -800, 200, 1000, 5.0, 0.98, 1.02, 900, 200, 2)
2026-03-18 15:55:41,549 - ESCVRLogger - INFO - Executing query for inverter_registers
2026-03-18 15:55:41,550 - ESCVRLogger - INFO - Fetched from inverter_registers: (416.90000000000003, 208.5, 66.0, 125.7, 3.7, -970.0, 170.0, 980.0, 3)
2026-03-18 15:55:41,550 - ESCVRLogger - INFO - Voltage 1.0475
2026-03-18 15:55:43,801 - ESCVRLogger - INFO - ESC_volt_reg Turned off..
2026-03-18 15:55:46,551 - ESCVRLogger - INFO - Executing query for operational_data
2026-03-18 15:55:46,552 - ESCVRLogger - INFO - Fetched from operational_data: (1, 1, 0, 0, -800, 200, 1000, 5.0, 0.98, 1.02, 900, 200, 2)
2026-03-18 15:55:46,553 - ESCVRLogger - INFO - Executing query for inverter_registers
2026-03-18 15:55:46,553 - ESCVRLogger - INFO - Fetched from inverter_registers: (417.20000000000005, 208.60000000000002, 66.0, 125.7, 3.7, -970.0, 160.0, 980.0, 3)
2026-03-18 15:55:46,554 - ESCVRLogger - INFO - Voltage 1.0475
2026-03-18 15:55:47,854 - ESCVRLogger - INFO - ESC_volt_reg Turned off..
2026-03-18 15:55:51,555 - ESCVRLogger - INFO - Executing query for operational_data
2026-03-18 15:55:51,556 - ESCVRLogger - INFO - Fetched from operational_data: (1, 1, 0, 0, -800, 200, 1000, 5.0, 0.98, 1.02, 900, 200, 2)
2026-03-18 15:55:51,556 - ESCVRLogger - INFO - Executing query for inverter_registers
2026-03-18 15:55:51,557 - ESCVRLogger - INFO - Fetched from inverter_registers: (417.40000000000003, 208.60000000000002, 66.0, 125.60000000000001, 3.7, -970.0, 170.0, 980.0, 3)
2026-03-18 15:55:51,557 - ESCVRLogger - INFO - Voltage 1.0466666666666666
2026-03-18 15:55:51,893 - ESCVRLogger - INFO - ESC_volt_reg Turned off..
2026-03-18 15:55:55,941 - ESCVRLogger - INFO - ESC_volt_reg Turned off..
2026-03-18 15:55:56,559 - ESCVRLogger - INFO - Executing query for operational_data
2026-03-18 15:55:56,559 - ESCVRLogger - INFO - Fetched from operational_data: (1, 1, 0, 0, -800, 200, 1000, 5.0, 0.98, 1.02, 900, 200, 2)
2026-03-18 15:55:56,560 - ESCVRLogger - INFO - Executing query for inverter_registers
2026-03-18 15:55:56,560 - ESCVRLogger - INFO - Fetched from inverter_registers: (417.20000000000005, 208.60000000000002, 66.0, 125.7, 3.7, -970.0, 160.0, 980.0, 3)
2026-03-18 15:55:56,561 - ESCVRLogger - INFO - Voltage 1.0475
2026-03-18 15:56:00,001 - ESCVRLogger - INFO - ESC_volt_reg Turned off..
2026-03-18 15:56:01,561 - ESCVRLogger - INFO - Executing query for operational_data
2026-03-18 15:56:01,562 - ESCVRLogger - INFO - Fetched from operational_data: (1, 1, 0, 0, -800, 200, 1000, 5.0, 0.98, 1.02, 900, 200, 2)
2026-03-18 15:56:01,563 - ESCVRLogger - INFO - Executing query for inverter_registers
2026-03-18 15:56:01,563 - ESCVRLogger - INFO - Fetched from inverter_registers: (413.90000000000003, 207.0, 66.0, 124.5, 3.7, -970.0, 150.0, 990.0, 3)
2026-03-18 15:56:01,564 - ESCVRLogger - INFO - Voltage 1.0375
2026-03-18 15:56:04,091 - ESCVRLogger - INFO - ESC_volt_reg Turned off..
2026-03-18 15:56:06,564 - ESCVRLogger - INFO - Executing query for operational_data
2026-03-18 15:56:06,565 - ESCVRLogger - INFO - Fetched from operational_data: (1, 1, 0, 0, -800, 200, 1000, 5.0, 0.98, 1.02, 900, 200, 2)
2026-03-18 15:56:06,566 - ESCVRLogger - INFO - Executing query for inverter_registers
2026-03-18 15:56:06,566 - ESCVRLogger - INFO - Fetched from inverter_registers: (412.90000000000003, 206.4, 66.0, 124.2, 3.7, -980.0, 160.0, 980.0, 3)
2026-03-18 15:56:06,567 - ESCVRLogger - INFO - Voltage 1.035
2026-03-18 15:56:08,197 - ESCVRLogger - INFO - ESC_volt_reg Turned off..
2026-03-18 15:56:11,568 - ESCVRLogger - INFO - Executing query for operational_data
2026-03-18 15:56:11,568 - ESCVRLogger - INFO - Fetched from operational_data: (1, 1, 0, 0, -800, 200, 1000, 5.0, 0.98, 1.02, 900, 200, 2)
2026-03-18 15:56:11,569 - ESCVRLogger - INFO - Executing query for inverter_registers
2026-03-18 15:56:11,569 - ESCVRLogger - INFO - Fetched from inverter_registers: (412.90000000000003, 206.4, 66.0, 124.2, 3.8000000000000003, -970.0, 170.0, 980.0, 3)
2026-03-18 15:56:11,570 - ESCVRLogger - INFO - Voltage 1.035
2026-03-18 15:56:12,277 - ESCVRLogger - INFO - ESC_volt_reg Turned off..
2026-03-18 15:56:16,346 - ESCVRLogger - INFO - ESC_volt_reg Turned off..
2026-03-18 15:56:16,570 - ESCVRLogger - INFO - Executing query for operational_data
2026-03-18 15:56:16,571 - ESCVRLogger - INFO - Fetched from operational_data: (1, 1, 0, 0, -800, 200, 1000, 5.0, 0.98, 1.02, 900, 200, 2)
2026-03-18 15:56:16,571 - ESCVRLogger - INFO - Executing query for inverter_registers
2026-03-18 15:56:16,572 - ESCVRLogger - INFO - Fetched from inverter_registers: (412.40000000000003, 206.10000000000002, 66.0, 124.2, 3.7, -970.0, 150.0, 980.0, 3)
2026-03-18 15:56:16,572 - ESCVRLogger - INFO - Voltage 1.035
2026-03-18 15:56:20,395 - ESCVRLogger - INFO - ESC_volt_reg Turned off..
2026-03-18 15:56:21,574 - ESCVRLogger - INFO - Executing query for operational_data
2026-03-18 15:56:21,575 - ESCVRLogger - INFO - Fetched from operational_data: (1, 1, 0, 0, -800, 200, 1000, 5.0, 0.98, 1.02, 900, 200, 2)
2026-03-18 15:56:21,576 - ESCVRLogger - INFO - Executing query for inverter_registers
2026-03-18 15:56:21,577 - ESCVRLogger - INFO - Fetched from inverter_registers: (412.40000000000003, 206.70000000000002, 66.0, 124.2, 3.8000000000000003, -970.0, 150.0, 980.0, 3)
2026-03-18 15:56:21,577 - ESCVRLogger - INFO - Voltage 1.035
2026-03-18 15:56:24,446 - ESCVRLogger - INFO - ESC_volt_reg Turned off..
2026-03-18 15:56:26,578 - ESCVRLogger - INFO - Executing query for operational_data
2026-03-18 15:56:26,579 - ESCVRLogger - INFO - Fetched from operational_data: (1, 1, 0, 0, -800, 200, 1000, 5.0, 0.98, 1.02, 900, 200, 2)
2026-03-18 15:56:26,579 - ESCVRLogger - INFO - Executing query for inverter_registers
2026-03-18 15:56:26,580 - ESCVRLogger - INFO - Fetched from inverter_registers: (413.1, 206.70000000000002, 66.0, 124.2, 3.8000000000000003, -980.0, 160.0, 980.0, 3)
2026-03-18 15:56:26,580 - ESCVRLogger - INFO - Voltage 1.035
2026-03-18 15:56:28,487 - ESCVRLogger - INFO - ESC_volt_reg Turned off..
2026-03-18 15:56:31,582 - ESCVRLogger - INFO - Executing query for operational_data
2026-03-18 15:56:31,583 - ESCVRLogger - INFO - Fetched from operational_data: (1, 1, 0, 0, -800, 200, 1000, 5.0, 0.98, 1.02, 900, 200, 2)
2026-03-18 15:56:31,583 - ESCVRLogger - INFO - Executing query for inverter_registers
2026-03-18 15:56:31,584 - ESCVRLogger - INFO - Fetched from inverter_registers: (413.3, 206.60000000000002, 66.0, 124.2, 3.8000000000000003, -980.0, 150.0, 990.0, 3)
2026-03-18 15:56:31,585 - ESCVRLogger - INFO - Voltage 1.035
2026-03-18 15:56:32,540 - ESCVRLogger - INFO - ESC_volt_reg Turned off..
2026-03-18 15:56:36,585 - ESCVRLogger - INFO - Executing query for operational_data
2026-03-18 15:56:36,586 - ESCVRLogger - INFO - Fetched from operational_data: (1, 1, 0, 0, -800, 200, 1000, 5.0, 0.98, 1.02, 900, 200, 2)
2026-03-18 15:56:36,587 - ESCVRLogger - INFO - Executing query for inverter_registers
2026-03-18 15:56:36,587 - ESCVRLogger - INFO - Fetched from inverter_registers: (413.3, 206.60000000000002, 66.0, 124.2, 3.8000000000000003, -980.0, 160.0, 990.0, 3)
2026-03-18 15:56:36,588 - ESCVRLogger - INFO - Voltage 1.035
2026-03-18 15:56:36,589 - ESCVRLogger - INFO - ESC_volt_reg Turned off..
2026-03-18 15:56:40,642 - ESCVRLogger - INFO - ESC_volt_reg Turned off..
2026-03-18 15:56:41,589 - ESCVRLogger - INFO - Executing query for operational_data
2026-03-18 15:56:41,590 - ESCVRLogger - INFO - Fetched from operational_data: (1, 1, 0, 0, -800, 200, 1000, 5.0, 0.98, 1.02, 900, 200, 2)
2026-03-18 15:56:41,590 - ESCVRLogger - INFO - Executing query for inverter_registers
2026-03-18 15:56:41,591 - ESCVRLogger - INFO - Fetched from inverter_registers: (413.3, 206.60000000000002, 66.0, 124.2, 3.8000000000000003, -980.0, 160.0, 990.0, 3)
2026-03-18 15:56:41,591 - ESCVRLogger - INFO - Voltage 1.035
2026-03-18 15:56:44,692 - ESCVRLogger - INFO - ESC_volt_reg Turned off..
2026-03-18 15:56:46,592 - ESCVRLogger - INFO - Executing query for operational_data
2026-03-18 15:56:46,593 - ESCVRLogger - INFO - Fetched from operational_data: (1, 1, 0, 0, -800, 200, 1000, 5.0, 0.98, 1.02, 900, 200, 2)
2026-03-18 15:56:46,593 - ESCVRLogger - INFO - Executing query for inverter_registers
2026-03-18 15:56:46,594 - ESCVRLogger - INFO - Fetched from inverter_registers: (413.40000000000003, 206.70000000000002, 66.0, 124.2, 3.8000000000000003, -980.0, 150.0, 980.0, 3)
2026-03-18 15:56:46,595 - ESCVRLogger - INFO - Voltage 1.035
2026-03-18 15:56:48,738 - ESCVRLogger - INFO - ESC_volt_reg Turned off..
2026-03-18 15:56:51,596 - ESCVRLogger - INFO - Executing query for operational_data
2026-03-18 15:56:51,597 - ESCVRLogger - INFO - Fetched from operational_data: (1, 1, 0, 0, -800, 200, 1000, 5.0, 0.98, 1.02, 900, 200, 2)
2026-03-18 15:56:51,597 - ESCVRLogger - INFO - Executing query for inverter_registers
2026-03-18 15:56:51,598 - ESCVRLogger - INFO - Fetched from inverter_registers: (413.40000000000003, 206.60000000000002, 66.0, 124.2, 3.7, -980.0, 160.0, 990.0, 3)
2026-03-18 15:56:51,598 - ESCVRLogger - INFO - Voltage 1.035
2026-03-18 15:56:52,784 - ESCVRLogger - INFO - ESC_volt_reg Turned off..
2026-03-18 15:56:56,599 - ESCVRLogger - INFO - Executing query for operational_data
2026-03-18 15:56:56,600 - ESCVRLogger - INFO - Fetched from operational_data: (1, 1, 0, 0, -800, 200, 1000, 5.0, 0.98, 1.02, 900, 200, 2)
2026-03-18 15:56:56,600 - ESCVRLogger - INFO - Executing query for inverter_registers
2026-03-18 15:56:56,601 - ESCVRLogger - INFO - Fetched from inverter_registers: (413.8, 206.70000000000002, 66.0, 124.2, 3.8000000000000003, -980.0, 150.0, 990.0, 3)
2026-03-18 15:56:56,601 - ESCVRLogger - INFO - Voltage 1.035
2026-03-18 15:56:56,848 - ESCVRLogger - INFO - ESC_volt_reg Turned off..
2026-03-18 15:57:00,950 - ESCVRLogger - INFO - ESC_volt_reg Turned off..
2026-03-18 15:57:01,603 - ESCVRLogger - INFO - Executing query for operational_data
2026-03-18 15:57:01,604 - ESCVRLogger - INFO - Fetched from operational_data: (1, 1, 0, 0, -800, 200, 1000, 5.0, 0.98, 1.02, 900, 200, 2)
2026-03-18 15:57:01,605 - ESCVRLogger - INFO - Executing query for inverter_registers
2026-03-18 15:57:01,606 - ESCVRLogger - INFO - Fetched from inverter_registers: (413.6, 206.9, 66.0, 124.2, 3.8000000000000003, -980.0, 160.0, 980.0, 3)
2026-03-18 15:57:01,606 - ESCVRLogger - INFO - Voltage 1.035
2026-03-18 15:57:05,069 - ESCVRLogger - INFO - ESC_volt_reg Turned off..
2026-03-18 15:57:06,608 - ESCVRLogger - INFO - Executing query for operational_data
2026-03-18 15:57:06,608 - ESCVRLogger - INFO - Fetched from operational_data: (1, 1, 0, 0, -800, 200, 1000, 5.0, 0.98, 1.02, 900, 200, 2)
2026-03-18 15:57:06,609 - ESCVRLogger - INFO - Executing query for inverter_registers
2026-03-18 15:57:06,609 - ESCVRLogger - INFO - Fetched from inverter_registers: (413.8, 207.0, 66.0, 124.2, 3.8000000000000003, -980.0, 160.0, 990.0, 3)
2026-03-18 15:57:06,610 - ESCVRLogger - INFO - Voltage 1.035
2026-03-18 15:57:09,124 - ESCVRLogger - INFO - ESC_volt_reg Turned off..
2026-03-18 15:57:11,610 - ESCVRLogger - INFO - Executing query for operational_data
2026-03-18 15:57:11,611 - ESCVRLogger - INFO - Fetched from operational_data: (1, 1, 0, 0, -800, 200, 1000, 5.0, 0.98, 1.02, 900, 200, 2)
2026-03-18 15:57:11,612 - ESCVRLogger - INFO - Executing query for inverter_registers
2026-03-18 15:57:11,613 - ESCVRLogger - INFO - Fetched from inverter_registers: (414.40000000000003, 207.0, 66.0, 124.2, 3.8000000000000003, -980.0, 150.0, 990.0, 3)
2026-03-18 15:57:11,613 - ESCVRLogger - INFO - Voltage 1.035
2026-03-18 15:57:13,187 - ESCVRLogger - INFO - ESC_volt_reg Turned off..
2026-03-18 15:57:16,614 - ESCVRLogger - INFO - Executing query for operational_data
2026-03-18 15:57:16,615 - ESCVRLogger - INFO - Fetched from operational_data: (1, 1, 0, 0, -800, 200, 1000, 5.0, 0.98, 1.02, 900, 200, 2)
2026-03-18 15:57:16,616 - ESCVRLogger - INFO - Executing query for inverter_registers
2026-03-18 15:57:16,616 - ESCVRLogger - INFO - Fetched from inverter_registers: (413.90000000000003, 206.9, 66.0, 124.2, 3.8000000000000003, -970.0, 170.0, 980.0, 3)
2026-03-18 15:57:16,617 - ESCVRLogger - INFO - Voltage 1.035
2026-03-18 15:57:17,238 - ESCVRLogger - INFO - ESC_volt_reg Turned off..
2026-03-18 15:57:21,298 - ESCVRLogger - INFO - ESC_volt_reg Turned off..
2026-03-18 15:57:21,618 - ESCVRLogger - INFO - Executing query for operational_data
2026-03-18 15:57:21,619 - ESCVRLogger - INFO - Fetched from operational_data: (1, 1, 0, 0, -800, 200, 1000, 5.0, 0.98, 1.02, 900, 200, 2)
2026-03-18 15:57:21,619 - ESCVRLogger - INFO - Executing query for inverter_registers
2026-03-18 15:57:21,620 - ESCVRLogger - INFO - Fetched from inverter_registers: (413.90000000000003, 206.9, 66.0, 124.2, 3.8000000000000003, -980.0, 150.0, 980.0, 3)
2026-03-18 15:57:21,620 - ESCVRLogger - INFO - Voltage 1.035
2026-03-18 15:57:25,346 - ESCVRLogger - INFO - ESC_volt_reg Turned off..
2026-03-18 15:57:26,621 - ESCVRLogger - INFO - Executing query for operational_data
2026-03-18 15:57:26,622 - ESCVRLogger - INFO - Fetched from operational_data: (1, 1, 0, 0, -800, 200, 1000, 5.0, 0.98, 1.02, 900, 200, 2)
2026-03-18 15:57:26,623 - ESCVRLogger - INFO - Executing query for inverter_registers
2026-03-18 15:57:26,623 - ESCVRLogger - INFO - Fetched from inverter_registers: (413.90000000000003, 207.10000000000002, 66.0, 124.2, 3.8000000000000003, -980.0, 170.0, 990.0, 3)
2026-03-18 15:57:26,624 - ESCVRLogger - INFO - Voltage 1.035
2026-03-18 15:57:29,395 - ESCVRLogger - INFO - ESC_volt_reg Turned off..
2026-03-18 15:57:31,625 - ESCVRLogger - INFO - Executing query for operational_data
2026-03-18 15:57:31,625 - ESCVRLogger - INFO - Fetched from operational_data: (1, 1, 0, 0, -800, 200, 1000, 5.0, 0.98, 1.02, 900, 200, 2)
2026-03-18 15:57:31,626 - ESCVRLogger - INFO - Executing query for inverter_registers
2026-03-18 15:57:31,627 - ESCVRLogger - INFO - Fetched from inverter_registers: (413.90000000000003, 207.0, 66.0, 124.2, 3.7, -980.0, 150.0, 990.0, 3)
2026-03-18 15:57:31,627 - ESCVRLogger - INFO - Voltage 1.035
2026-03-18 15:57:33,438 - ESCVRLogger - INFO - ESC_volt_reg Turned off..
2026-03-18 15:57:36,629 - ESCVRLogger - INFO - Executing query for operational_data
2026-03-18 15:57:36,629 - ESCVRLogger - INFO - Fetched from operational_data: (1, 1, 0, 0, -800, 200, 1000, 5.0, 0.98, 1.02, 900, 200, 2)
2026-03-18 15:57:36,630 - ESCVRLogger - INFO - Executing query for inverter_registers
2026-03-18 15:57:36,631 - ESCVRLogger - INFO - Fetched from inverter_registers: (413.90000000000003, 207.0, 66.0, 124.2, 3.7, -980.0, 160.0, 990.0, 3)
2026-03-18 15:57:36,631 - ESCVRLogger - INFO - Voltage 1.035
2026-03-18 15:57:37,482 - ESCVRLogger - INFO - ESC_volt_reg Turned off..
2026-03-18 15:57:41,527 - ESCVRLogger - INFO - ESC_volt_reg Turned off..
2026-03-18 15:57:41,632 - ESCVRLogger - INFO - Executing query for operational_data
2026-03-18 15:57:41,633 - ESCVRLogger - INFO - Fetched from operational_data: (1, 1, 0, 0, -800, 200, 1000, 5.0, 0.98, 1.02, 900, 200, 2)
2026-03-18 15:57:41,634 - ESCVRLogger - INFO - Executing query for inverter_registers
2026-03-18 15:57:41,635 - ESCVRLogger - INFO - Fetched from inverter_registers: (414.1, 207.0, 66.0, 124.2, 3.8000000000000003, -980.0, 150.0, 990.0, 3)
2026-03-18 15:57:41,635 - ESCVRLogger - INFO - Voltage 1.035
2026-03-18 15:57:45,577 - ESCVRLogger - INFO - ESC_volt_reg Turned off..
2026-03-18 15:57:46,636 - ESCVRLogger - INFO - Executing query for operational_data
2026-03-18 15:57:46,637 - ESCVRLogger - INFO - Fetched from operational_data: (1, 1, 0, 0, -800, 200, 1000, 5.0, 0.98, 1.02, 900, 200, 2)
2026-03-18 15:57:46,637 - ESCVRLogger - INFO - Executing query for inverter_registers
2026-03-18 15:57:46,638 - ESCVRLogger - INFO - Fetched from inverter_registers: (414.1, 207.0, 66.0, 124.2, 3.8000000000000003, -980.0, 150.0, 990.0, 3)
2026-03-18 15:57:46,639 - ESCVRLogger - INFO - Voltage 1.035
2026-03-18 15:57:49,627 - ESCVRLogger - INFO - ESC_volt_reg Turned off..
2026-03-18 15:57:51,639 - ESCVRLogger - INFO - Executing query for operational_data
2026-03-18 15:57:51,640 - ESCVRLogger - INFO - Fetched from operational_data: (1, 1, 0, 0, -800, 200, 1000, 5.0, 0.98, 1.02, 900, 200, 2)
2026-03-18 15:57:51,641 - ESCVRLogger - INFO - Executing query for inverter_registers
2026-03-18 15:57:51,641 - ESCVRLogger - INFO - Fetched from inverter_registers: (414.1, 207.10000000000002, 66.0, 124.2, 3.8000000000000003, -980.0, 150.0, 990.0, 3)
2026-03-18 15:57:51,642 - ESCVRLogger - INFO - Voltage 1.035
2026-03-18 15:57:53,685 - ESCVRLogger - INFO - ESC_volt_reg Turned off..
2026-03-18 15:57:56,643 - ESCVRLogger - INFO - Executing query for operational_data
2026-03-18 15:57:56,644 - ESCVRLogger - INFO - Fetched from operational_data: (1, 1, 0, 0, -800, 200, 1000, 5.0, 0.98, 1.02, 900, 200, 2)
2026-03-18 15:57:56,644 - ESCVRLogger - INFO - Executing query for inverter_registers
2026-03-18 15:57:56,645 - ESCVRLogger - INFO - Fetched from inverter_registers: (414.20000000000005, 207.20000000000002, 66.0, 124.2, 3.8000000000000003, -980.0, 170.0, 990.0, 3)
2026-03-18 15:57:56,646 - ESCVRLogger - INFO - Voltage 1.035
2026-03-18 15:57:57,786 - ESCVRLogger - INFO - ESC_volt_reg Turned off..
2026-03-18 15:58:01,647 - ESCVRLogger - INFO - Executing query for operational_data
2026-03-18 15:58:01,648 - ESCVRLogger - INFO - Fetched from operational_data: (1, 1, 0, 0, -800, 200, 1000, 5.0, 0.98, 1.02, 900, 200, 2)
2026-03-18 15:58:01,648 - ESCVRLogger - INFO - Executing query for inverter_registers
2026-03-18 15:58:01,649 - ESCVRLogger - INFO - Fetched from inverter_registers: (414.20000000000005, 207.10000000000002, 66.0, 124.2, 3.8000000000000003, -980.0, 150.0, 980.0, 3)
2026-03-18 15:58:01,649 - ESCVRLogger - INFO - Voltage 1.035
2026-03-18 15:58:01,889 - ESCVRLogger - INFO - ESC_volt_reg Turned off..
2026-03-18 15:58:05,970 - ESCVRLogger - INFO - ESC_volt_reg Turned off..
2026-03-18 15:58:06,650 - ESCVRLogger - INFO - Executing query for operational_data
2026-03-18 15:58:06,651 - ESCVRLogger - INFO - Fetched from operational_data: (1, 1, 0, 0, -800, 200, 1000, 5.0, 0.98, 1.02, 900, 200, 2)
2026-03-18 15:58:06,651 - ESCVRLogger - INFO - Executing query for inverter_registers
2026-03-18 15:58:06,652 - ESCVRLogger - INFO - Fetched from inverter_registers: (414.1, 207.10000000000002, 66.0, 124.2, 3.8000000000000003, -980.0, 150.0, 980.0, 3)
2026-03-18 15:58:06,652 - ESCVRLogger - INFO - Voltage 1.035
2026-03-18 15:58:10,029 - ESCVRLogger - INFO - ESC_volt_reg Turned off..
2026-03-18 15:58:11,653 - ESCVRLogger - INFO - Executing query for operational_data
2026-03-18 15:58:11,654 - ESCVRLogger - INFO - Fetched from operational_data: (1, 1, 0, 0, -800, 200, 1000, 5.0, 0.98, 1.02, 900, 200, 2)
2026-03-18 15:58:11,654 - ESCVRLogger - INFO - Executing query for inverter_registers
2026-03-18 15:58:11,655 - ESCVRLogger - INFO - Fetched from inverter_registers: (414.20000000000005, 207.20000000000002, 66.0, 124.2, 3.8000000000000003, -970.0, 160.0, 980.0, 3)
2026-03-18 15:58:11,655 - ESCVRLogger - INFO - Voltage 1.035
2026-03-18 15:58:14,074 - ESCVRLogger - INFO - ESC_volt_reg Turned off..
2026-03-18 15:58:16,657 - ESCVRLogger - INFO - Executing query for operational_data
2026-03-18 15:58:16,658 - ESCVRLogger - INFO - Fetched from operational_data: (1, 1, 0, 0, -800, 200, 1000, 5.0, 0.98, 1.02, 900, 200, 2)
2026-03-18 15:58:16,659 - ESCVRLogger - INFO - Executing query for inverter_registers
2026-03-18 15:58:16,660 - ESCVRLogger - INFO - Fetched from inverter_registers: (414.40000000000003, 207.20000000000002, 66.0, 124.2, 3.8000000000000003, -980.0, 160.0, 990.0, 3)
2026-03-18 15:58:16,660 - ESCVRLogger - INFO - Voltage 1.035
2026-03-18 15:58:18,144 - ESCVRLogger - INFO - ESC_volt_reg Turned off..
2026-03-18 15:58:21,661 - ESCVRLogger - INFO - Executing query for operational_data
2026-03-18 15:58:21,662 - ESCVRLogger - INFO - Fetched from operational_data: (1, 1, 0, 0, -800, 200, 1000, 5.0, 0.98, 1.02, 900, 200, 2)
2026-03-18 15:58:21,662 - ESCVRLogger - INFO - Executing query for inverter_registers
2026-03-18 15:58:21,663 - ESCVRLogger - INFO - Fetched from inverter_registers: (414.1, 207.10000000000002, 66.0, 124.2, 3.8000000000000003, -970.0, 150.0, 980.0, 3)
2026-03-18 15:58:21,663 - ESCVRLogger - INFO - Voltage 1.035
2026-03-18 15:58:22,199 - ESCVRLogger - INFO - ESC_volt_reg Turned off..
2026-03-18 15:58:26,268 - ESCVRLogger - INFO - ESC_volt_reg Turned off..
2026-03-18 15:58:26,665 - ESCVRLogger - INFO - Executing query for operational_data
2026-03-18 15:58:26,666 - ESCVRLogger - INFO - Fetched from operational_data: (1, 1, 0, 0, -800, 200, 1000, 5.0, 0.98, 1.02, 900, 200, 2)
2026-03-18 15:58:26,667 - ESCVRLogger - INFO - Executing query for inverter_registers
2026-03-18 15:58:26,667 - ESCVRLogger - INFO - Fetched from inverter_registers: (413.90000000000003, 207.10000000000002, 66.0, 124.2, 3.8000000000000003, -980.0, 150.0, 980.0, 3)
2026-03-18 15:58:26,668 - ESCVRLogger - INFO - Voltage 1.035
2026-03-18 15:58:30,328 - ESCVRLogger - INFO - ESC_volt_reg Turned off..
2026-03-18 15:58:31,669 - ESCVRLogger - INFO - Executing query for operational_data
2026-03-18 15:58:31,670 - ESCVRLogger - INFO - Fetched from operational_data: (1, 1, 0, 0, -800, 200, 1000, 5.0, 0.98, 1.02, 900, 200, 2)
2026-03-18 15:58:31,670 - ESCVRLogger - INFO - Executing query for inverter_registers
2026-03-18 15:58:31,671 - ESCVRLogger - INFO - Fetched from inverter_registers: (414.1, 207.10000000000002, 66.0, 124.2, 3.8000000000000003, -980.0, 160.0, 980.0, 3)
2026-03-18 15:58:31,671 - ESCVRLogger - INFO - Voltage 1.035
2026-03-18 15:58:34,383 - ESCVRLogger - INFO - ESC_volt_reg Turned off..
2026-03-18 15:58:36,673 - ESCVRLogger - INFO - Executing query for operational_data
2026-03-18 15:58:36,674 - ESCVRLogger - INFO - Fetched from operational_data: (1, 1, 0, 0, -800, 200, 1000, 5.0, 0.98, 1.02, 900, 200, 2)
2026-03-18 15:58:36,674 - ESCVRLogger - INFO - Executing query for inverter_registers
2026-03-18 15:58:36,675 - ESCVRLogger - INFO - Fetched from inverter_registers: (414.1, 207.10000000000002, 66.0, 124.2, 3.8000000000000003, -980.0, 160.0, 980.0, 3)
2026-03-18 15:58:36,675 - ESCVRLogger - INFO - Voltage 1.035
2026-03-18 15:58:38,432 - ESCVRLogger - INFO - ESC_volt_reg Turned off..
2026-03-18 15:58:41,677 - ESCVRLogger - INFO - Executing query for operational_data
2026-03-18 15:58:41,678 - ESCVRLogger - INFO - Fetched from operational_data: (1, 1, 0, 0, -800, 200, 1000, 5.0, 0.98, 1.02, 900, 200, 2)
2026-03-18 15:58:41,679 - ESCVRLogger - INFO - Executing query for inverter_registers
2026-03-18 15:58:41,679 - ESCVRLogger - INFO - Fetched from inverter_registers: (413.90000000000003, 207.20000000000002, 66.0, 124.2, 3.8000000000000003, -980.0, 150.0, 990.0, 3)
2026-03-18 15:58:41,680 - ESCVRLogger - INFO - Voltage 1.035
2026-03-18 15:58:42,476 - ESCVRLogger - INFO - ESC_volt_reg Turned off..
2026-03-18 15:58:46,528 - ESCVRLogger - INFO - ESC_volt_reg Turned off..
2026-03-18 15:58:46,681 - ESCVRLogger - INFO - Executing query for operational_data
2026-03-18 15:58:46,682 - ESCVRLogger - INFO - Fetched from operational_data: (1, 1, 0, 0, -800, 200, 1000, 5.0, 0.98, 1.02, 900, 200, 2)
2026-03-18 15:58:46,683 - ESCVRLogger - INFO - Executing query for inverter_registers
2026-03-18 15:58:46,683 - ESCVRLogger - INFO - Fetched from inverter_registers: (413.90000000000003, 207.10000000000002, 66.0, 124.2, 3.8000000000000003, -980.0, 150.0, 990.0, 3)
2026-03-18 15:58:46,683 - ESCVRLogger - INFO - Voltage 1.035
2026-03-18 15:58:50,580 - ESCVRLogger - INFO - ESC_volt_reg Turned off..
2026-03-18 15:58:51,685 - ESCVRLogger - INFO - Executing query for operational_data
2026-03-18 15:58:51,686 - ESCVRLogger - INFO - Fetched from operational_data: (1, 1, 0, 0, -800, 200, 1000, 5.0, 0.98, 1.02, 900, 200, 2)
2026-03-18 15:58:51,686 - ESCVRLogger - INFO - Executing query for inverter_registers
2026-03-18 15:58:51,687 - ESCVRLogger - INFO - Fetched from inverter_registers: (413.90000000000003, 207.0, 66.0, 124.2, 3.8000000000000003, -980.0, 160.0, 990.0, 3)
2026-03-18 15:58:51,687 - ESCVRLogger - INFO - Voltage 1.035
2026-03-18 15:58:54,666 - ESCVRLogger - INFO - ESC_volt_reg Turned off..
2026-03-18 15:58:56,688 - ESCVRLogger - INFO - Executing query for operational_data
2026-03-18 15:58:56,689 - ESCVRLogger - INFO - Fetched from operational_data: (1, 1, 0, 0, -800, 200, 1000, 5.0, 0.98, 1.02, 900, 200, 2)
2026-03-18 15:58:56,690 - ESCVRLogger - INFO - Executing query for inverter_registers
2026-03-18 15:58:56,690 - ESCVRLogger - INFO - Fetched from inverter_registers: (413.90000000000003, 207.10000000000002, 66.0, 124.2, 3.8000000000000003, -970.0, 150.0, 980.0, 3)
2026-03-18 15:58:56,691 - ESCVRLogger - INFO - Voltage 1.035
2026-03-18 15:58:58,755 - ESCVRLogger - INFO - ESC_volt_reg Turned off..
2026-03-18 15:59:01,692 - ESCVRLogger - INFO - Executing query for operational_data
2026-03-18 15:59:01,693 - ESCVRLogger - INFO - Fetched from operational_data: (1, 1, 0, 0, -800, 200, 1000, 5.0, 0.98, 1.02, 900, 200, 2)
2026-03-18 15:59:01,694 - ESCVRLogger - INFO - Executing query for inverter_registers
2026-03-18 15:59:01,695 - ESCVRLogger - INFO - Fetched from inverter_registers: (414.1, 207.10000000000002, 66.0, 124.2, 3.8000000000000003, -980.0, 150.0, 990.0, 3)
2026-03-18 15:59:01,695 - ESCVRLogger - INFO - Voltage 1.035
2026-03-18 15:59:02,882 - ESCVRLogger - INFO - ESC_volt_reg Turned off..
2026-03-18 15:59:06,697 - ESCVRLogger - INFO - Executing query for operational_data
2026-03-18 15:59:06,698 - ESCVRLogger - INFO - Fetched from operational_data: (1, 1, 0, 0, -800, 200, 1000, 5.0, 0.98, 1.02, 900, 200, 2)
2026-03-18 15:59:06,698 - ESCVRLogger - INFO - Executing query for inverter_registers
2026-03-18 15:59:06,699 - ESCVRLogger - INFO - Fetched from inverter_registers: (413.90000000000003, 207.10000000000002, 66.0, 124.2, 3.8000000000000003, -970.0, 150.0, 990.0, 3)
2026-03-18 15:59:06,700 - ESCVRLogger - INFO - Voltage 1.035
2026-03-18 15:59:06,949 - ESCVRLogger - INFO - ESC_volt_reg Turned off..
2026-03-18 15:59:10,999 - ESCVRLogger - INFO - ESC_volt_reg Turned off..
2026-03-18 15:59:11,700 - ESCVRLogger - INFO - Executing query for operational_data
2026-03-18 15:59:11,701 - ESCVRLogger - INFO - Fetched from operational_data: (1, 1, 0, 0, -800, 200, 1000, 5.0, 0.98, 1.02, 900, 200, 2)
2026-03-18 15:59:11,702 - ESCVRLogger - INFO - Executing query for inverter_registers
2026-03-18 15:59:11,703 - ESCVRLogger - INFO - Fetched from inverter_registers: (413.8, 207.0, 66.0, 124.2, 3.8000000000000003, -980.0, 150.0, 990.0, 3)
2026-03-18 15:59:11,703 - ESCVRLogger - INFO - Voltage 1.035
2026-03-18 15:59:15,048 - ESCVRLogger - INFO - ESC_volt_reg Turned off..
2026-03-18 15:59:16,704 - ESCVRLogger - INFO - Executing query for operational_data
2026-03-18 15:59:16,705 - ESCVRLogger - INFO - Fetched from operational_data: (1, 1, 0, 0, -800, 200, 1000, 5.0, 0.98, 1.02, 900, 200, 2)
2026-03-18 15:59:16,706 - ESCVRLogger - INFO - Executing query for inverter_registers
2026-03-18 15:59:16,706 - ESCVRLogger - INFO - Fetched from inverter_registers: (413.6, 207.0, 66.0, 124.2, 3.8000000000000003, -970.0, 150.0, 980.0, 3)
2026-03-18 15:59:16,707 - ESCVRLogger - INFO - Voltage 1.035
2026-03-18 15:59:19,093 - ESCVRLogger - INFO - ESC_volt_reg Turned off..
2026-03-18 15:59:21,708 - ESCVRLogger - INFO - Executing query for operational_data
2026-03-18 15:59:21,710 - ESCVRLogger - INFO - Fetched from operational_data: (1, 1, 0, 0, -800, 200, 1000, 5.0, 0.98, 1.02, 900, 200, 2)
2026-03-18 15:59:21,710 - ESCVRLogger - INFO - Executing query for inverter_registers
2026-03-18 15:59:21,711 - ESCVRLogger - INFO - Fetched from inverter_registers: (413.6, 207.0, 66.0, 124.2, 3.8000000000000003, -980.0, 170.0, 990.0, 3)
2026-03-18 15:59:21,711 - ESCVRLogger - INFO - Voltage 1.035
2026-03-18 15:59:23,145 - ESCVRLogger - INFO - ESC_volt_reg Turned off..
2026-03-18 15:59:26,712 - ESCVRLogger - INFO - Executing query for operational_data
2026-03-18 15:59:26,713 - ESCVRLogger - INFO - Fetched from operational_data: (1, 1, 0, 0, -800, 200, 1000, 5.0, 0.98, 1.02, 900, 200, 2)
2026-03-18 15:59:26,714 - ESCVRLogger - INFO - Executing query for inverter_registers
2026-03-18 15:59:26,715 - ESCVRLogger - INFO - Fetched from inverter_registers: (413.40000000000003, 206.8, 66.0, 124.2, 3.7, -980.0, 150.0, 990.0, 3)
2026-03-18 15:59:26,715 - ESCVRLogger - INFO - Voltage 1.035
2026-03-18 15:59:27,191 - ESCVRLogger - INFO - ESC_volt_reg Turned off..
2026-03-18 15:59:31,246 - ESCVRLogger - INFO - ESC_volt_reg Turned off..
2026-03-18 15:59:31,716 - ESCVRLogger - INFO - Executing query for operational_data
2026-03-18 15:59:31,717 - ESCVRLogger - INFO - Fetched from operational_data: (1, 1, 0, 0, -800, 200, 1000, 5.0, 0.98, 1.02, 900, 200, 2)
2026-03-18 15:59:31,718 - ESCVRLogger - INFO - Executing query for inverter_registers
2026-03-18 15:59:31,718 - ESCVRLogger - INFO - Fetched from inverter_registers: (413.40000000000003, 206.9, 66.0, 124.2, 3.7, -980.0, 160.0, 990.0, 3)
2026-03-18 15:59:31,719 - ESCVRLogger - INFO - Voltage 1.035
2026-03-18 15:59:35,291 - ESCVRLogger - INFO - ESC_volt_reg Turned off..
2026-03-18 15:59:36,720 - ESCVRLogger - INFO - Executing query for operational_data
2026-03-18 15:59:36,721 - ESCVRLogger - INFO - Fetched from operational_data: (1, 1, 0, 0, -800, 200, 1000, 5.0, 0.98, 1.02, 900, 200, 2)
2026-03-18 15:59:36,721 - ESCVRLogger - INFO - Executing query for inverter_registers
2026-03-18 15:59:36,722 - ESCVRLogger - INFO - Fetched from inverter_registers: (413.6, 206.9, 66.0, 124.2, 3.7, -980.0, 160.0, 980.0, 3)
2026-03-18 15:59:36,723 - ESCVRLogger - INFO - Voltage 1.035
2026-03-18 15:59:39,341 - ESCVRLogger - INFO - ESC_volt_reg Turned off..
2026-03-18 15:59:41,724 - ESCVRLogger - INFO - Executing query for operational_data
2026-03-18 15:59:41,725 - ESCVRLogger - INFO - Fetched from operational_data: (1, 1, 0, 0, -800, 200, 1000, 5.0, 0.98, 1.02, 900, 200, 2)
2026-03-18 15:59:41,725 - ESCVRLogger - INFO - Executing query for inverter_registers
2026-03-18 15:59:41,726 - ESCVRLogger - INFO - Fetched from inverter_registers: (413.6, 206.9, 66.0, 124.2, 3.7, -980.0, 160.0, 980.0, 3)
2026-03-18 15:59:41,726 - ESCVRLogger - INFO - Voltage 1.035
2026-03-18 15:59:43,388 - ESCVRLogger - INFO - ESC_volt_reg Turned off..
2026-03-18 15:59:46,727 - ESCVRLogger - INFO - Executing query for operational_data
2026-03-18 15:59:46,728 - ESCVRLogger - INFO - Fetched from operational_data: (1, 1, 0, 0, -800, 200, 1000, 5.0, 0.98, 1.02, 900, 200, 2)
2026-03-18 15:59:46,729 - ESCVRLogger - INFO - Executing query for inverter_registers
2026-03-18 15:59:46,729 - ESCVRLogger - INFO - Fetched from inverter_registers: (413.3, 206.8, 67.0, 124.2, 3.8000000000000003, -980.0, 150.0, 980.0, 3)
2026-03-18 15:59:46,730 - ESCVRLogger - INFO - Voltage 1.035
2026-03-18 15:59:47,437 - ESCVRLogger - INFO - ESC_volt_reg Turned off..
2026-03-18 15:59:51,518 - ESCVRLogger - INFO - ESC_volt_reg Turned off..
2026-03-18 15:59:51,731 - ESCVRLogger - INFO - Executing query for operational_data
2026-03-18 15:59:51,732 - ESCVRLogger - INFO - Fetched from operational_data: (1, 1, 0, 0, -800, 200, 1000, 5.0, 0.98, 1.02, 900, 200, 2)
2026-03-18 15:59:51,733 - ESCVRLogger - INFO - Executing query for inverter_registers
2026-03-18 15:59:51,733 - ESCVRLogger - INFO - Fetched from inverter_registers: (413.40000000000003, 206.8, 67.0, 124.2, 3.8000000000000003, -980.0, 160.0, 980.0, 3)
2026-03-18 15:59:51,734 - ESCVRLogger - INFO - Voltage 1.035
2026-03-18 15:59:55,612 - ESCVRLogger - INFO - ESC_volt_reg Turned off..
2026-03-18 15:59:56,735 - ESCVRLogger - INFO - Executing query for operational_data
2026-03-18 15:59:56,736 - ESCVRLogger - INFO - Fetched from operational_data: (1, 1, 0, 0, -800, 200, 1000, 5.0, 0.98, 1.02, 900, 200, 2)
2026-03-18 15:59:56,736 - ESCVRLogger - INFO - Executing query for inverter_registers
2026-03-18 15:59:56,737 - ESCVRLogger - INFO - Fetched from inverter_registers: (413.1, 206.70000000000002, 67.0, 124.2, 3.8000000000000003, -980.0, 150.0, 980.0, 3)
2026-03-18 15:59:56,738 - ESCVRLogger - INFO - Voltage 1.035
2026-03-18 15:59:59,667 - ESCVRLogger - INFO - ESC_volt_reg Turned off..
2026-03-18 16:00:01,739 - ESCVRLogger - INFO - Executing query for operational_data
2026-03-18 16:00:01,741 - ESCVRLogger - INFO - Fetched from operational_data: (1, 1, 0, 0, -800, 200, 1000, 5.0, 0.98, 1.02, 900, 200, 2)
2026-03-18 16:00:01,741 - ESCVRLogger - INFO - Executing query for inverter_registers
2026-03-18 16:00:01,741 - ESCVRLogger - INFO - Fetched from inverter_registers: (413.3, 206.70000000000002, 67.0, 124.2, 3.8000000000000003, -980.0, 150.0, 980.0, 3)
2026-03-18 16:00:01,742 - ESCVRLogger - INFO - Voltage 1.035
2026-03-18 16:00:03,728 - ESCVRLogger - INFO - ESC_volt_reg Turned off..
2026-03-18 16:00:06,742 - ESCVRLogger - INFO - Executing query for operational_data
2026-03-18 16:00:06,743 - ESCVRLogger - INFO - Fetched from operational_data: (1, 1, 0, 0, -800, 200, 1000, 5.0, 0.98, 1.02, 900, 200, 2)
2026-03-18 16:00:06,744 - ESCVRLogger - INFO - Executing query for inverter_registers
2026-03-18 16:00:06,745 - ESCVRLogger - INFO - Fetched from inverter_registers: (413.1, 206.70000000000002, 67.0, 124.2, 3.8000000000000003, -980.0, 150.0, 980.0, 3)
2026-03-18 16:00:06,745 - ESCVRLogger - INFO - Voltage 1.035
2026-03-18 16:00:07,781 - ESCVRLogger - INFO - ESC_volt_reg Turned off..
2026-03-18 16:00:11,746 - ESCVRLogger - INFO - Executing query for operational_data
2026-03-18 16:00:11,747 - ESCVRLogger - INFO - Fetched from operational_data: (1, 1, 0, 0, -800, 200, 1000, 5.0, 0.98, 1.02, 900, 200, 2)
2026-03-18 16:00:11,748 - ESCVRLogger - INFO - Executing query for inverter_registers
2026-03-18 16:00:11,748 - ESCVRLogger - INFO - Fetched from inverter_registers: (412.8, 206.60000000000002, 67.0, 124.2, 3.8000000000000003, -980.0, 150.0, 980.0, 3)
2026-03-18 16:00:11,749 - ESCVRLogger - INFO - Voltage 1.035
2026-03-18 16:00:11,830 - ESCVRLogger - INFO - ESC_volt_reg Turned off..
2026-03-18 16:00:15,877 - ESCVRLogger - INFO - ESC_volt_reg Turned off..
2026-03-18 16:00:16,750 - ESCVRLogger - INFO - Executing query for operational_data
2026-03-18 16:00:16,751 - ESCVRLogger - INFO - Fetched from operational_data: (1, 1, 0, 0, -800, 200, 1000, 5.0, 0.98, 1.02, 900, 200, 2)
2026-03-18 16:00:16,751 - ESCVRLogger - INFO - Executing query for inverter_registers
2026-03-18 16:00:16,752 - ESCVRLogger - INFO - Fetched from inverter_registers: (412.8, 206.20000000000002, 67.0, 124.2, 3.8000000000000003, -980.0, 150.0, 990.0, 3)
2026-03-18 16:00:16,752 - ESCVRLogger - INFO - Voltage 1.035
2026-03-18 16:00:19,928 - ESCVRLogger - INFO - ESC_volt_reg Turned off..
2026-03-18 16:00:21,754 - ESCVRLogger - INFO - Executing query for operational_data
2026-03-18 16:00:21,755 - ESCVRLogger - INFO - Fetched from operational_data: (1, 1, 0, 0, -800, 200, 1000, 5.0, 0.98, 1.02, 900, 200, 2)
2026-03-18 16:00:21,755 - ESCVRLogger - INFO - Executing query for inverter_registers
2026-03-18 16:00:21,756 - ESCVRLogger - INFO - Fetched from inverter_registers: (412.90000000000003, 206.70000000000002, 67.0, 124.2, 3.8000000000000003, -980.0, 160.0, 990.0, 3)
2026-03-18 16:00:21,756 - ESCVRLogger - INFO - Voltage 1.035
2026-03-18 16:00:23,977 - ESCVRLogger - INFO - ESC_volt_reg Turned off..
2026-03-18 16:00:26,758 - ESCVRLogger - INFO - Executing query for operational_data
2026-03-18 16:00:26,759 - ESCVRLogger - INFO - Fetched from operational_data: (1, 1, 0, 0, -800, 200, 1000, 5.0, 0.98, 1.02, 900, 200, 2)
2026-03-18 16:00:26,760 - ESCVRLogger - INFO - Executing query for inverter_registers
2026-03-18 16:00:26,761 - ESCVRLogger - INFO - Fetched from inverter_registers: (412.90000000000003, 206.60000000000002, 67.0, 124.2, 3.8000000000000003, -980.0, 150.0, 990.0, 3)
2026-03-18 16:00:26,762 - ESCVRLogger - INFO - Voltage 1.035
2026-03-18 16:00:28,027 - ESCVRLogger - INFO - ESC_volt_reg Turned off..
2026-03-18 16:00:31,763 - ESCVRLogger - INFO - Executing query for operational_data
2026-03-18 16:00:31,764 - ESCVRLogger - INFO - Fetched from operational_data: (1, 1, 0, 0, -800, 200, 1000, 5.0, 0.98, 1.02, 900, 200, 2)
2026-03-18 16:00:31,765 - ESCVRLogger - INFO - Executing query for inverter_registers
2026-03-18 16:00:31,765 - ESCVRLogger - INFO - Fetched from inverter_registers: (412.90000000000003, 205.60000000000002, 67.0, 124.2, 3.7, -980.0, 170.0, 990.0, 3)
2026-03-18 16:00:31,766 - ESCVRLogger - INFO - Voltage 1.035
2026-03-18 16:00:32,076 - ESCVRLogger - INFO - ESC_volt_reg Turned off..
2026-03-18 16:00:36,134 - ESCVRLogger - INFO - ESC_volt_reg Turned off..
2026-03-18 16:00:36,767 - ESCVRLogger - INFO - Executing query for operational_data
2026-03-18 16:00:36,768 - ESCVRLogger - INFO - Fetched from operational_data: (1, 1, 0, 0, -800, 200, 1000, 5.0, 0.98, 1.02, 900, 200, 2)
2026-03-18 16:00:36,768 - ESCVRLogger - INFO - Executing query for inverter_registers
2026-03-18 16:00:36,769 - ESCVRLogger - INFO - Fetched from inverter_registers: (412.90000000000003, 205.60000000000002, 67.0, 124.2, 3.7, -980.0, 170.0, 990.0, 3)
2026-03-18 16:00:36,769 - ESCVRLogger - INFO - Voltage 1.035
2026-03-18 16:00:40,188 - ESCVRLogger - INFO - ESC_volt_reg Turned off..
2026-03-18 16:00:41,771 - ESCVRLogger - INFO - Executing query for operational_data
2026-03-18 16:00:41,771 - ESCVRLogger - INFO - Fetched from operational_data: (1, 1, 0, 0, -800, 200, 1000, 5.0, 0.98, 1.02, 900, 200, 2)
2026-03-18 16:00:41,772 - ESCVRLogger - INFO - Executing query for inverter_registers
2026-03-18 16:00:41,772 - ESCVRLogger - INFO - Fetched from inverter_registers: (412.8, 206.5, 67.0, 124.2, 3.8000000000000003, -980.0, 150.0, 990.0, 3)
2026-03-18 16:00:41,773 - ESCVRLogger - INFO - Voltage 1.035
2026-03-18 16:00:44,282 - ESCVRLogger - INFO - ESC_volt_reg Turned off..
2026-03-18 16:00:46,775 - ESCVRLogger - INFO - Executing query for operational_data
2026-03-18 16:00:46,776 - ESCVRLogger - INFO - Fetched from operational_data: (1, 1, 0, 0, -800, 200, 1000, 5.0, 0.98, 1.02, 900, 200, 2)
2026-03-18 16:00:46,776 - ESCVRLogger - INFO - Executing query for inverter_registers
2026-03-18 16:00:46,777 - ESCVRLogger - INFO - Fetched from inverter_registers: (412.8, 206.4, 67.0, 124.2, 3.7, -980.0, 150.0, 990.0, 3)
2026-03-18 16:00:46,777 - ESCVRLogger - INFO - Voltage 1.035
2026-03-18 16:00:48,354 - ESCVRLogger - INFO - ESC_volt_reg Turned off..
2026-03-18 16:00:51,778 - ESCVRLogger - INFO - Executing query for operational_data
2026-03-18 16:00:51,779 - ESCVRLogger - INFO - Fetched from operational_data: (1, 1, 0, 0, -800, 200, 1000, 5.0, 0.98, 1.02, 900, 200, 2)
2026-03-18 16:00:51,780 - ESCVRLogger - INFO - Executing query for inverter_registers
2026-03-18 16:00:51,780 - ESCVRLogger - INFO - Fetched from inverter_registers: (412.6, 205.3, 67.0, 124.2, 3.8000000000000003, -980.0, 160.0, 980.0, 3)
2026-03-18 16:00:51,781 - ESCVRLogger - INFO - Voltage 1.035
2026-03-18 16:00:52,418 - ESCVRLogger - INFO - ESC_volt_reg Turned off..
2026-03-18 16:00:56,470 - ESCVRLogger - INFO - ESC_volt_reg Turned off..
2026-03-18 16:00:56,782 - ESCVRLogger - INFO - Executing query for operational_data
2026-03-18 16:00:56,783 - ESCVRLogger - INFO - Fetched from operational_data: (1, 1, 0, 0, -800, 200, 1000, 5.0, 0.98, 1.02, 900, 200, 2)
2026-03-18 16:00:56,784 - ESCVRLogger - INFO - Executing query for inverter_registers
2026-03-18 16:00:56,785 - ESCVRLogger - INFO - Fetched from inverter_registers: (412.8, 206.5, 67.0, 124.2, 3.8000000000000003, -980.0, 150.0, 990.0, 3)
2026-03-18 16:00:56,785 - ESCVRLogger - INFO - Voltage 1.035
2026-03-18 16:01:00,531 - ESCVRLogger - INFO - ESC_volt_reg Turned off..
2026-03-18 16:01:01,787 - ESCVRLogger - INFO - Executing query for operational_data
2026-03-18 16:01:01,788 - ESCVRLogger - INFO - Fetched from operational_data: (1, 1, 0, 0, -800, 200, 1000, 5.0, 0.98, 1.02, 900, 200, 2)
2026-03-18 16:01:01,788 - ESCVRLogger - INFO - Executing query for inverter_registers
2026-03-18 16:01:01,789 - ESCVRLogger - INFO - Fetched from inverter_registers: (412.8, 206.5, 67.0, 124.2, 3.7, -980.0, 160.0, 990.0, 3)
2026-03-18 16:01:01,789 - ESCVRLogger - INFO - Voltage 1.035
2026-03-18 16:01:04,582 - ESCVRLogger - INFO - ESC_volt_reg Turned off..
2026-03-18 16:01:06,791 - ESCVRLogger - INFO - Executing query for operational_data
2026-03-18 16:01:06,792 - ESCVRLogger - INFO - Fetched from operational_data: (1, 1, 0, 0, -800, 200, 1000, 5.0, 0.98, 1.02, 900, 200, 2)
2026-03-18 16:01:06,792 - ESCVRLogger - INFO - Executing query for inverter_registers
2026-03-18 16:01:06,793 - ESCVRLogger - INFO - Fetched from inverter_registers: (412.6, 206.5, 67.0, 124.2, 3.8000000000000003, -980.0, 150.0, 990.0, 3)
2026-03-18 16:01:06,793 - ESCVRLogger - INFO - Voltage 1.035
2026-03-18 16:01:08,626 - ESCVRLogger - INFO - ESC_volt_reg Turned off..
2026-03-18 16:01:11,795 - ESCVRLogger - INFO - Executing query for operational_data
2026-03-18 16:01:11,796 - ESCVRLogger - INFO - Fetched from operational_data: (1, 1, 0, 0, -800, 200, 1000, 5.0, 0.98, 1.02, 900, 200, 2)
2026-03-18 16:01:11,796 - ESCVRLogger - INFO - Executing query for inverter_registers
2026-03-18 16:01:11,797 - ESCVRLogger - INFO - Fetched from inverter_registers: (412.40000000000003, 206.4, 67.0, 124.2, 3.8000000000000003, -980.0, 150.0, 990.0, 3)
2026-03-18 16:01:11,797 - ESCVRLogger - INFO - Voltage 1.035
2026-03-18 16:01:12,676 - ESCVRLogger - INFO - ESC_volt_reg Turned off..
2026-03-18 16:01:16,726 - ESCVRLogger - INFO - ESC_volt_reg Turned off..
2026-03-18 16:01:16,798 - ESCVRLogger - INFO - Executing query for operational_data
2026-03-18 16:01:16,799 - ESCVRLogger - INFO - Fetched from operational_data: (1, 1, 0, 0, -800, 200, 1000, 5.0, 0.98, 1.02, 900, 200, 2)
2026-03-18 16:01:16,799 - ESCVRLogger - INFO - Executing query for inverter_registers
2026-03-18 16:01:16,800 - ESCVRLogger - INFO - Fetched from inverter_registers: (412.40000000000003, 206.3, 67.0, 124.2, 3.7, -980.0, 170.0, 990.0, 3)
2026-03-18 16:01:16,801 - ESCVRLogger - INFO - Voltage 1.035
2026-03-18 16:01:20,768 - ESCVRLogger - INFO - ESC_volt_reg Turned off..
2026-03-18 16:01:21,803 - ESCVRLogger - INFO - Executing query for operational_data
2026-03-18 16:01:21,804 - ESCVRLogger - INFO - Fetched from operational_data: (1, 1, 0, 0, -800, 200, 1000, 5.0, 0.98, 1.02, 900, 200, 2)
2026-03-18 16:01:21,805 - ESCVRLogger - INFO - Executing query for inverter_registers
2026-03-18 16:01:21,806 - ESCVRLogger - INFO - Fetched from inverter_registers: (412.90000000000003, 206.70000000000002, 67.0, 124.2, 3.8000000000000003, -980.0, 160.0, 990.0, 3)
2026-03-18 16:01:21,807 - ESCVRLogger - INFO - Voltage 1.035
2026-03-18 16:01:24,820 - ESCVRLogger - INFO - ESC_volt_reg Turned off..
2026-03-18 16:01:26,808 - ESCVRLogger - INFO - Executing query for operational_data
2026-03-18 16:01:26,828 - ESCVRLogger - INFO - Fetched from operational_data: (1, 1, 0, 0, -800, 200, 1000, 5.0, 0.98, 1.02, 900, 200, 2)
2026-03-18 16:01:26,829 - ESCVRLogger - INFO - Executing query for inverter_registers
2026-03-18 16:01:26,829 - ESCVRLogger - INFO - Fetched from inverter_registers: (412.90000000000003, 206.60000000000002, 67.0, 124.2, 3.8000000000000003, -980.0, 160.0, 990.0, 3)
2026-03-18 16:01:26,830 - ESCVRLogger - INFO - Voltage 1.035
2026-03-18 16:01:28,872 - ESCVRLogger - INFO - ESC_volt_reg Turned off..
2026-03-18 16:01:31,831 - ESCVRLogger - INFO - Executing query for operational_data
2026-03-18 16:01:31,834 - ESCVRLogger - INFO - Fetched from operational_data: (1, 1, 0, 0, -800, 200, 1000, 5.0, 0.98, 1.02, 900, 200, 2)
2026-03-18 16:01:31,834 - ESCVRLogger - INFO - Executing query for inverter_registers
2026-03-18 16:01:31,836 - ESCVRLogger - INFO - Fetched from inverter_registers: (412.90000000000003, 206.60000000000002, 67.0, 124.2, 3.8000000000000003, -980.0, 160.0, 990.0, 3)
2026-03-18 16:01:31,836 - ESCVRLogger - INFO - Voltage 1.035
2026-03-18 16:01:32,919 - ESCVRLogger - INFO - ESC_volt_reg Turned off..
2026-03-18 16:01:36,837 - ESCVRLogger - INFO - Executing query for operational_data
2026-03-18 16:01:36,839 - ESCVRLogger - INFO - Fetched from operational_data: (1, 1, 0, 0, -800, 200, 1000, 5.0, 0.98, 1.02, 900, 200, 2)
2026-03-18 16:01:36,840 - ESCVRLogger - INFO - Executing query for inverter_registers
2026-03-18 16:01:36,841 - ESCVRLogger - INFO - Fetched from inverter_registers: (412.8, 206.60000000000002, 67.0, 124.2, 3.8000000000000003, -980.0, 150.0, 990.0, 3)
2026-03-18 16:01:36,841 - ESCVRLogger - INFO - Voltage 1.035
2026-03-18 16:01:36,987 - ESCVRLogger - INFO - ESC_volt_reg Turned off..
2026-03-18 16:01:41,076 - ESCVRLogger - INFO - ESC_volt_reg Turned off..
2026-03-18 16:01:41,843 - ESCVRLogger - INFO - Executing query for operational_data
2026-03-18 16:01:41,844 - ESCVRLogger - INFO - Fetched from operational_data: (1, 1, 0, 0, -800, 200, 1000, 5.0, 0.98, 1.02, 900, 200, 2)
2026-03-18 16:01:41,845 - ESCVRLogger - INFO - Executing query for inverter_registers
2026-03-18 16:01:41,845 - ESCVRLogger - INFO - Fetched from inverter_registers: (412.8, 206.5, 67.0, 124.2, 3.8000000000000003, -980.0, 160.0, 990.0, 3)
2026-03-18 16:01:41,846 - ESCVRLogger - INFO - Voltage 1.035
2026-03-18 16:01:45,192 - ESCVRLogger - INFO - ESC_volt_reg Turned off..
2026-03-18 16:01:46,848 - ESCVRLogger - INFO - Executing query for operational_data
2026-03-18 16:01:46,851 - ESCVRLogger - INFO - Fetched from operational_data: (1, 1, 0, 0, -800, 200, 1000, 5.0, 0.98, 1.02, 900, 200, 2)
2026-03-18 16:01:46,853 - ESCVRLogger - INFO - Executing query for inverter_registers
2026-03-18 16:01:46,856 - ESCVRLogger - INFO - Fetched from inverter_registers: (412.40000000000003, 206.3, 67.0, 124.2, 3.8000000000000003, -980.0, 150.0, 990.0, 3)
2026-03-18 16:01:46,857 - ESCVRLogger - INFO - Voltage 1.035
2026-03-18 16:01:49,326 - ESCVRLogger - INFO - ESC_volt_reg Turned off..
2026-03-18 16:01:51,858 - ESCVRLogger - INFO - Executing query for operational_data
2026-03-18 16:01:51,859 - ESCVRLogger - INFO - Fetched from operational_data: (1, 1, 0, 0, -800, 200, 1000, 5.0, 0.98, 1.02, 900, 200, 2)
2026-03-18 16:01:51,860 - ESCVRLogger - INFO - Executing query for inverter_registers
2026-03-18 16:01:51,860 - ESCVRLogger - INFO - Fetched from inverter_registers: (412.3, 205.9, 67.0, 124.2, 3.8000000000000003, -980.0, 150.0, 990.0, 3)
2026-03-18 16:01:51,861 - ESCVRLogger - INFO - Voltage 1.035
2026-03-18 16:01:53,385 - ESCVRLogger - INFO - ESC_volt_reg Turned off..
2026-03-18 16:01:56,863 - ESCVRLogger - INFO - Executing query for operational_data
2026-03-18 16:01:56,864 - ESCVRLogger - INFO - Fetched from operational_data: (1, 1, 0, 0, -800, 200, 1000, 5.0, 0.98, 1.02, 900, 200, 2)
2026-03-18 16:01:56,864 - ESCVRLogger - INFO - Executing query for inverter_registers
2026-03-18 16:01:56,865 - ESCVRLogger - INFO - Fetched from inverter_registers: (412.6, 206.5, 67.0, 124.2, 3.8000000000000003, -980.0, 150.0, 990.0, 3)
2026-03-18 16:01:56,865 - ESCVRLogger - INFO - Voltage 1.035
2026-03-18 16:01:57,433 - ESCVRLogger - INFO - ESC_volt_reg Turned off..
2026-03-18 16:02:01,487 - ESCVRLogger - INFO - ESC_volt_reg Turned off..
2026-03-18 16:02:01,866 - ESCVRLogger - INFO - Executing query for operational_data
2026-03-18 16:02:01,868 - ESCVRLogger - INFO - Fetched from operational_data: (1, 1, 0, 0, -800, 200, 1000, 5.0, 0.98, 1.02, 900, 200, 2)
2026-03-18 16:02:01,868 - ESCVRLogger - INFO - Executing query for inverter_registers
2026-03-18 16:02:01,869 - ESCVRLogger - INFO - Fetched from inverter_registers: (412.3, 206.20000000000002, 67.0, 124.2, 3.8000000000000003, -980.0, 150.0, 990.0, 3)
2026-03-18 16:02:01,869 - ESCVRLogger - INFO - Voltage 1.035
2026-03-18 16:02:05,555 - ESCVRLogger - INFO - ESC_volt_reg Turned off..
2026-03-18 16:02:06,871 - ESCVRLogger - INFO - Executing query for operational_data
2026-03-18 16:02:06,872 - ESCVRLogger - INFO - Fetched from operational_data: (1, 1, 0, 0, -800, 200, 1000, 5.0, 0.98, 1.02, 900, 200, 2)
2026-03-18 16:02:06,872 - ESCVRLogger - INFO - Executing query for inverter_registers
2026-03-18 16:02:06,873 - ESCVRLogger - INFO - Fetched from inverter_registers: (412.6, 206.20000000000002, 67.0, 124.2, 3.8000000000000003, -980.0, 150.0, 990.0, 3)
2026-03-18 16:02:06,873 - ESCVRLogger - INFO - Voltage 1.035
2026-03-18 16:02:09,609 - ESCVRLogger - INFO - ESC_volt_reg Turned off..
2026-03-18 16:02:11,874 - ESCVRLogger - INFO - Executing query for operational_data
2026-03-18 16:02:11,875 - ESCVRLogger - INFO - Fetched from operational_data: (1, 1, 0, 0, -800, 200, 1000, 5.0, 0.98, 1.02, 900, 200, 2)
2026-03-18 16:02:11,876 - ESCVRLogger - INFO - Executing query for inverter_registers
2026-03-18 16:02:11,877 - ESCVRLogger - INFO - Fetched from inverter_registers: (412.3, 206.3, 67.0, 124.2, 3.8000000000000003, -980.0, 150.0, 990.0, 3)
2026-03-18 16:02:11,877 - ESCVRLogger - INFO - Voltage 1.035
2026-03-18 16:02:13,671 - ESCVRLogger - INFO - ESC_volt_reg Turned off..
2026-03-18 16:02:16,879 - ESCVRLogger - INFO - Executing query for operational_data
2026-03-18 16:02:16,880 - ESCVRLogger - INFO - Fetched from operational_data: (1, 1, 0, 0, -800, 200, 1000, 5.0, 0.98, 1.02, 900, 200, 2)
2026-03-18 16:02:16,880 - ESCVRLogger - INFO - Executing query for inverter_registers
2026-03-18 16:02:16,881 - ESCVRLogger - INFO - Fetched from inverter_registers: (412.40000000000003, 206.4, 67.0, 124.2, 3.8000000000000003, -980.0, 160.0, 990.0, 3)
2026-03-18 16:02:16,882 - ESCVRLogger - INFO - Voltage 1.035
2026-03-18 16:02:17,726 - ESCVRLogger - INFO - ESC_volt_reg Turned off..
2026-03-18 16:02:21,789 - ESCVRLogger - INFO - ESC_volt_reg Turned off..
2026-03-18 16:02:21,888 - ESCVRLogger - INFO - Executing query for operational_data
2026-03-18 16:02:21,889 - ESCVRLogger - INFO - Fetched from operational_data: (1, 1, 0, 0, -800, 200, 1000, 5.0, 0.98, 1.02, 900, 200, 2)
2026-03-18 16:02:21,889 - ESCVRLogger - INFO - Executing query for inverter_registers
2026-03-18 16:02:21,891 - ESCVRLogger - INFO - Fetched from inverter_registers: (412.40000000000003, 206.20000000000002, 67.0, 124.2, 3.8000000000000003, -980.0, 150.0, 990.0, 3)
2026-03-18 16:02:21,891 - ESCVRLogger - INFO - Voltage 1.035
2026-03-18 16:02:25,861 - ESCVRLogger - INFO - ESC_volt_reg Turned off..
2026-03-18 16:02:26,892 - ESCVRLogger - INFO - Executing query for operational_data
2026-03-18 16:02:26,893 - ESCVRLogger - INFO - Fetched from operational_data: (1, 0, 0, 0, -300, -300, 1000, 5.0, 0.97, 1.02, 900, 200, 10)
2026-03-18 16:02:26,894 - ESCVRLogger - INFO - Executing query for inverter_registers
2026-03-18 16:02:26,895 - ESCVRLogger - INFO - Fetched from inverter_registers: (412.40000000000003, 206.20000000000002, 67.0, 124.2, 3.8000000000000003, -980.0, 150.0, 990.0, 3)
2026-03-18 16:02:26,895 - ESCVRLogger - INFO - Voltage 1.035
2026-03-18 16:02:30,016 - ESCVRLogger - INFO - ESC_volt_reg Turned off..
2026-03-18 16:02:31,897 - ESCVRLogger - INFO - Executing query for operational_data
2026-03-18 16:02:31,898 - ESCVRLogger - INFO - Fetched from operational_data: (1, 0, 0, 0, -300, -300, 1000, 5.0, 0.97, 1.02, 900, 200, 10)
2026-03-18 16:02:31,899 - ESCVRLogger - INFO - Executing query for inverter_registers
2026-03-18 16:02:31,899 - ESCVRLogger - INFO - Fetched from inverter_registers: (412.40000000000003, 206.20000000000002, 67.0, 124.2, 3.8000000000000003, -980.0, 150.0, 990.0, 3)
2026-03-18 16:02:31,900 - ESCVRLogger - INFO - Voltage 1.035
2026-03-18 16:02:36,901 - ESCVRLogger - INFO - Executing query for operational_data
2026-03-18 16:02:36,902 - ESCVRLogger - INFO - Fetched from operational_data: (1, 0, 0, 0, -300, -300, 1000, 5.0, 0.97, 1.02, 900, 200, 10)
2026-03-18 16:02:36,902 - ESCVRLogger - INFO - Executing query for inverter_registers
2026-03-18 16:02:36,903 - ESCVRLogger - INFO - Fetched from inverter_registers: (412.40000000000003, 206.20000000000002, 67.0, 124.2, 3.8000000000000003, -980.0, 150.0, 990.0, 3)
2026-03-18 16:02:36,903 - ESCVRLogger - INFO - Voltage 1.035
2026-03-18 16:02:40,513 - ESCVRLogger - INFO - ESC agent stopped.
