2026-03-18 15:54:06,424 - PQAdjLogger - INFO - Configuration values loaded:
2026-03-18 15:54:06,425 - PQAdjLogger - INFO - DB Path: ~/Log_Files/inverter_operations.db
2026-03-18 15:54:06,426 - PQAdjLogger - INFO - File Path: ~/Log_Files/register_data_log.txt
2026-03-18 15:54:06,426 - PQAdjLogger - INFO - Curve Fit Path: ~/Log_Files/curvefit.png
2026-03-18 15:54:06,427 - PQAdjLogger - INFO - Remote Input file Path: ~/DSO_IN/RemoteInputs.txt
2026-03-18 15:54:06,427 - PQAdjLogger - INFO - Default Power Factor: 0.5
2026-03-18 15:54:06,428 - PQAdjLogger - INFO - ESC SOC Limit: 20
2026-03-18 15:54:06,428 - PQAdjLogger - INFO - Inverter Rated S: 11000
2026-03-18 15:54:06,428 - PQAdjLogger - INFO - Normalizing Voltage: 120
2026-03-18 15:54:06,429 - PQAdjLogger - INFO - Max ESC Voltage Regulation Iterations: 100
2026-03-18 15:54:06,429 - PQAdjLogger - INFO - ESC Step Time: 2
2026-03-18 15:54:06,430 - PQAdjLogger - INFO - SOC Upper Voltage Limit: 20
2026-03-18 15:54:06,430 - PQAdjLogger - INFO - SOC Lower Voltage Limit: 95
2026-03-18 15:54:06,450 - PQAdjLogger - INFO - ESC Agent initialized with configuration:
2026-03-18 15:54:06,451 - PQAdjLogger - INFO - DB Path: /home/taha/Log_Files/inverter_operations.db
2026-03-18 15:54:06,451 - PQAdjLogger - INFO - File Path: /home/taha/Log_Files/register_data_log.txt
2026-03-18 15:54:06,452 - PQAdjLogger - INFO - Curve Fit Path: /home/taha/Log_Files/curvefit.png
2026-03-18 15:54:06,452 - PQAdjLogger - INFO - Curve Fit Path: /home/taha/DSO_IN/RemoteInputs.txt
2026-03-18 15:54:06,453 - PQAdjLogger - INFO - Default Power Factor: 0.5
2026-03-18 15:54:06,453 - PQAdjLogger - INFO - ESC SOC Limit: 20
2026-03-18 15:54:06,454 - PQAdjLogger - INFO - Inverter Rated S: 11000
2026-03-18 15:54:06,454 - PQAdjLogger - INFO - Normalizing Voltage: 120
2026-03-18 15:54:06,454 - PQAdjLogger - INFO - Max ESC Voltage Regulation Iterations: 100
2026-03-18 15:54:06,455 - PQAdjLogger - INFO - ESC Step Time: 2
2026-03-18 15:54:06,455 - PQAdjLogger - INFO - SOC Upper Voltage Limit: 20
2026-03-18 15:54:06,456 - PQAdjLogger - INFO - SOC Lower Voltage Limit: 95
2026-03-18 15:54:06,457 - PQAdjLogger - INFO - trying connecting to data base
2026-03-18 15:54:06,457 - PQAdjLogger - INFO - Connected to the SQLite database successfully
2026-03-18 15:54:06,614 - PQAdjLogger - INFO - PQAdj Agent started...
2026-03-18 16:02:46,303 - PQAdjLogger - INFO - PQAdj agent stopped.
