2026-03-18 18:33:37,179 - ECurveFitLogger - INFO - Configuration values loaded:
2026-03-18 18:33:37,189 - ECurveFitLogger - INFO - DB Path: ~/Log_Files/inverter_operations.db
2026-03-18 18:33:37,192 - ECurveFitLogger - INFO - File Path: ~/Log_Files/register_data_log.txt
2026-03-18 18:33:37,196 - ECurveFitLogger - INFO - Curve Fit Path: ~/Log_Files/curvefit.png
2026-03-18 18:33:37,199 - ECurveFitLogger - INFO - Remote Input file Path: ~/DSO_IN/RemoteInputs.txt
2026-03-18 18:33:37,200 - ECurveFitLogger - INFO - Default Power Factor: 0.5
2026-03-18 18:33:37,203 - ECurveFitLogger - INFO - ESC SOC Limit: 20
2026-03-18 18:33:37,206 - ECurveFitLogger - INFO - Inverter Rated S: 11000
2026-03-18 18:33:37,208 - ECurveFitLogger - INFO - Normalizing Voltage: 128
2026-03-18 18:33:37,210 - ECurveFitLogger - INFO - Max ESC Voltage Regulation Iterations: 100
2026-03-18 18:33:37,213 - ECurveFitLogger - INFO - ESC Step Time: 2
2026-03-18 18:33:37,217 - ECurveFitLogger - INFO - SOC Upper Voltage Limit: 20
2026-03-18 18:33:37,226 - ECurveFitLogger - INFO - SOC Lower Voltage Limit: 95
2026-03-18 18:33:37,258 - ECurveFitLogger - INFO - ESC Agent initialized with configuration:
2026-03-18 18:33:37,270 - ECurveFitLogger - INFO - DB Path: /home/taha/Log_Files/inverter_operations.db
2026-03-18 18:33:37,271 - ECurveFitLogger - INFO - File Path: /home/taha/Log_Files/register_data_log.txt
2026-03-18 18:33:37,271 - ECurveFitLogger - INFO - Curve Fit Path: /home/taha/Log_Files/curvefit.png
2026-03-18 18:33:37,272 - ECurveFitLogger - INFO - Curve Fit Path: /home/taha/DSO_IN/RemoteInputs.txt
2026-03-18 18:33:37,272 - ECurveFitLogger - INFO - Default Power Factor: 0.5
2026-03-18 18:33:37,273 - ECurveFitLogger - INFO - ESC SOC Limit: 20
2026-03-18 18:33:37,273 - ECurveFitLogger - INFO - Inverter Rated S: 11000
2026-03-18 18:33:37,273 - ECurveFitLogger - INFO - Normalizing Voltage: 128
2026-03-18 18:33:37,274 - ECurveFitLogger - INFO - Max ESC Voltage Regulation Iterations: 100
2026-03-18 18:33:37,275 - ECurveFitLogger - INFO - ESC Step Time: 2
2026-03-18 18:33:37,275 - ECurveFitLogger - INFO - SOC Upper Voltage Limit: 20
2026-03-18 18:33:37,275 - ECurveFitLogger - INFO - SOC Lower Voltage Limit: 95
2026-03-18 18:33:37,276 - ECurveFitLogger - INFO - trying connecting to data base
2026-03-18 18:33:37,277 - ECurveFitLogger - INFO - Connected to the SQLite database successfully
2026-03-18 18:33:37,898 - ECurveFitLogger - INFO - Configuration values loaded:
2026-03-18 18:33:37,899 - ECurveFitLogger - INFO - DB Path: ~/Log_Files/inverter_operations.db
2026-03-18 18:33:37,899 - ECurveFitLogger - INFO - File Path: ~/Log_Files/register_data_log.txt
2026-03-18 18:33:37,900 - ECurveFitLogger - INFO - Curve Fit Path: ~/Log_Files/curvefit.png
2026-03-18 18:33:37,900 - ECurveFitLogger - INFO - Remote Input file Path: ~/DSO_IN/RemoteInputs.txt
2026-03-18 18:33:37,902 - ECurveFitLogger - INFO - Default Power Factor: 0.5
2026-03-18 18:33:37,904 - ECurveFitLogger - INFO - ESC SOC Limit: 20
2026-03-18 18:33:37,905 - ECurveFitLogger - INFO - Inverter Rated S: 11000
2026-03-18 18:33:37,906 - ECurveFitLogger - INFO - Normalizing Voltage: 125
2026-03-18 18:33:37,908 - ECurveFitLogger - INFO - Max ESC Voltage Regulation Iterations: 100
2026-03-18 18:33:37,910 - ECurveFitLogger - INFO - ESC Step Time: 2
2026-03-18 18:33:37,912 - ECurveFitLogger - INFO - SOC Upper Voltage Limit: 20
2026-03-18 18:33:37,914 - ECurveFitLogger - INFO - SOC Lower Voltage Limit: 95
2026-03-18 18:33:37,979 - ECurveFitLogger - INFO - ESC Agent initialized with configuration:
2026-03-18 18:33:37,981 - ECurveFitLogger - INFO - DB Path: /home/taha/Log_Files/inverter_operations.db
2026-03-18 18:33:37,983 - ECurveFitLogger - INFO - File Path: /home/taha/Log_Files/register_data_log.txt
2026-03-18 18:33:37,985 - ECurveFitLogger - INFO - Curve Fit Path: /home/taha/Log_Files/curvefit.png
2026-03-18 18:33:37,987 - ECurveFitLogger - INFO - Curve Fit Path: /home/taha/DSO_IN/RemoteInputs.txt
2026-03-18 18:33:37,990 - ECurveFitLogger - INFO - Default Power Factor: 0.5
2026-03-18 18:33:37,990 - ECurveFitLogger - INFO - ESC SOC Limit: 20
2026-03-18 18:33:37,994 - ECurveFitLogger - INFO - Inverter Rated S: 11000
2026-03-18 18:33:37,995 - ECurveFitLogger - INFO - Normalizing Voltage: 125
2026-03-18 18:33:37,998 - ECurveFitLogger - INFO - Max ESC Voltage Regulation Iterations: 100
2026-03-18 18:33:37,998 - ECurveFitLogger - INFO - ESC Step Time: 2
2026-03-18 18:33:38,001 - ECurveFitLogger - INFO - SOC Upper Voltage Limit: 20
2026-03-18 18:33:38,002 - ECurveFitLogger - INFO - SOC Lower Voltage Limit: 95
2026-03-18 18:33:38,002 - ECurveFitLogger - INFO - trying connecting to data base
2026-03-18 18:33:38,003 - ECurveFitLogger - INFO - Connected to the SQLite database successfully
2026-03-18 18:33:38,966 - ECurveFitLogger - INFO - Configuration values loaded:
2026-03-18 18:33:38,967 - ECurveFitLogger - INFO - DB Path: ~/Log_Files/inverter_operations.db
2026-03-18 18:33:38,967 - ECurveFitLogger - INFO - File Path: ~/Log_Files/register_data_log.txt
2026-03-18 18:33:38,967 - ECurveFitLogger - INFO - Curve Fit Path: ~/Log_Files/curvefit.png
2026-03-18 18:33:38,968 - ECurveFitLogger - INFO - Remote Input file Path: ~/DSO_IN/RemoteInputs.txt
2026-03-18 18:33:38,968 - ECurveFitLogger - INFO - Default Power Factor: 0.5
2026-03-18 18:33:38,968 - ECurveFitLogger - INFO - ESC SOC Limit: 20
2026-03-18 18:33:38,969 - ECurveFitLogger - INFO - Inverter Rated S: 11000
2026-03-18 18:33:38,969 - ECurveFitLogger - INFO - Normalizing Voltage: 125
2026-03-18 18:33:38,970 - ECurveFitLogger - INFO - Max ESC Voltage Regulation Iterations: 100
2026-03-18 18:33:38,970 - ECurveFitLogger - INFO - ESC Step Time: 2
2026-03-18 18:33:38,970 - ECurveFitLogger - INFO - SOC Upper Voltage Limit: 20
2026-03-18 18:33:38,971 - ECurveFitLogger - INFO - SOC Lower Voltage Limit: 95
2026-03-18 18:33:38,984 - ECurveFitLogger - INFO - ESC Agent initialized with configuration:
2026-03-18 18:33:38,985 - ECurveFitLogger - INFO - DB Path: /home/taha/Log_Files/inverter_operations.db
2026-03-18 18:33:38,987 - ECurveFitLogger - INFO - File Path: /home/taha/Log_Files/register_data_log.txt
2026-03-18 18:33:38,988 - ECurveFitLogger - INFO - Curve Fit Path: /home/taha/Log_Files/curvefit.png
2026-03-18 18:33:38,988 - ECurveFitLogger - INFO - Curve Fit Path: /home/taha/DSO_IN/RemoteInputs.txt
2026-03-18 18:33:38,988 - ECurveFitLogger - INFO - Default Power Factor: 0.5
2026-03-18 18:33:38,989 - ECurveFitLogger - INFO - ESC SOC Limit: 20
2026-03-18 18:33:38,989 - ECurveFitLogger - INFO - Inverter Rated S: 11000
2026-03-18 18:33:38,989 - ECurveFitLogger - INFO - Normalizing Voltage: 125
2026-03-18 18:33:38,990 - ECurveFitLogger - INFO - Max ESC Voltage Regulation Iterations: 100
2026-03-18 18:33:38,990 - ECurveFitLogger - INFO - ESC Step Time: 2
2026-03-18 18:33:38,991 - ECurveFitLogger - INFO - SOC Upper Voltage Limit: 20
2026-03-18 18:33:38,991 - ECurveFitLogger - INFO - SOC Lower Voltage Limit: 95
2026-03-18 18:33:38,992 - ECurveFitLogger - INFO - trying connecting to data base
2026-03-18 18:33:38,992 - ECurveFitLogger - INFO - Connected to the SQLite database successfully
2026-03-19 14:42:10,475 - ECurveFitLogger - INFO - Configuration values loaded:
2026-03-19 14:42:10,478 - ECurveFitLogger - INFO - DB Path: ~/Log_Files/inverter_operations.db
2026-03-19 14:42:10,479 - ECurveFitLogger - INFO - File Path: ~/Log_Files/register_data_log.txt
2026-03-19 14:42:10,479 - ECurveFitLogger - INFO - Curve Fit Path: ~/Log_Files/curvefit.png
2026-03-19 14:42:10,480 - ECurveFitLogger - INFO - Remote Input file Path: ~/DSO_IN/RemoteInputs.txt
2026-03-19 14:42:10,480 - ECurveFitLogger - INFO - Default Power Factor: 0.5
2026-03-19 14:42:10,480 - ECurveFitLogger - INFO - ESC SOC Limit: 20
2026-03-19 14:42:10,481 - ECurveFitLogger - INFO - Inverter Rated S: 11000
2026-03-19 14:42:10,481 - ECurveFitLogger - INFO - Normalizing Voltage: 128
2026-03-19 14:42:10,481 - ECurveFitLogger - INFO - Max ESC Voltage Regulation Iterations: 100
2026-03-19 14:42:10,482 - ECurveFitLogger - INFO - ESC Step Time: 2
2026-03-19 14:42:10,482 - ECurveFitLogger - INFO - SOC Upper Voltage Limit: 20
2026-03-19 14:42:10,482 - ECurveFitLogger - INFO - SOC Lower Voltage Limit: 95
2026-03-19 14:42:10,497 - ECurveFitLogger - INFO - ESC Agent initialized with configuration:
2026-03-19 14:42:10,498 - ECurveFitLogger - INFO - DB Path: /home/taha/Log_Files/inverter_operations.db
2026-03-19 14:42:10,498 - ECurveFitLogger - INFO - File Path: /home/taha/Log_Files/register_data_log.txt
2026-03-19 14:42:10,499 - ECurveFitLogger - INFO - Curve Fit Path: /home/taha/Log_Files/curvefit.png
2026-03-19 14:42:10,499 - ECurveFitLogger - INFO - Curve Fit Path: /home/taha/DSO_IN/RemoteInputs.txt
2026-03-19 14:42:10,500 - ECurveFitLogger - INFO - Default Power Factor: 0.5
2026-03-19 14:42:10,500 - ECurveFitLogger - INFO - ESC SOC Limit: 20
2026-03-19 14:42:10,500 - ECurveFitLogger - INFO - Inverter Rated S: 11000
2026-03-19 14:42:10,501 - ECurveFitLogger - INFO - Normalizing Voltage: 128
2026-03-19 14:42:10,501 - ECurveFitLogger - INFO - Max ESC Voltage Regulation Iterations: 100
2026-03-19 14:42:10,502 - ECurveFitLogger - INFO - ESC Step Time: 2
2026-03-19 14:42:10,502 - ECurveFitLogger - INFO - SOC Upper Voltage Limit: 20
2026-03-19 14:42:10,503 - ECurveFitLogger - INFO - SOC Lower Voltage Limit: 95
2026-03-19 14:42:10,504 - ECurveFitLogger - INFO - trying connecting to data base
2026-03-19 14:42:10,505 - ECurveFitLogger - INFO - Connected to the SQLite database successfully
2026-03-19 14:42:10,720 - ECurveFitLogger - INFO - Configuration values loaded:
2026-03-19 14:42:10,721 - ECurveFitLogger - INFO - DB Path: ~/Log_Files/inverter_operations.db
2026-03-19 14:42:10,721 - ECurveFitLogger - INFO - File Path: ~/Log_Files/register_data_log.txt
2026-03-19 14:42:10,722 - ECurveFitLogger - INFO - Curve Fit Path: ~/Log_Files/curvefit.png
2026-03-19 14:42:10,722 - ECurveFitLogger - INFO - Remote Input file Path: ~/DSO_IN/RemoteInputs.txt
2026-03-19 14:42:10,724 - ECurveFitLogger - INFO - Default Power Factor: 0.5
2026-03-19 14:42:10,724 - ECurveFitLogger - INFO - ESC SOC Limit: 20
2026-03-19 14:42:10,725 - ECurveFitLogger - INFO - Inverter Rated S: 11000
2026-03-19 14:42:10,725 - ECurveFitLogger - INFO - Normalizing Voltage: 125
2026-03-19 14:42:10,725 - ECurveFitLogger - INFO - Max ESC Voltage Regulation Iterations: 100
2026-03-19 14:42:10,726 - ECurveFitLogger - INFO - ESC Step Time: 2
2026-03-19 14:42:10,726 - ECurveFitLogger - INFO - SOC Upper Voltage Limit: 20
2026-03-19 14:42:10,727 - ECurveFitLogger - INFO - SOC Lower Voltage Limit: 95
2026-03-19 14:42:10,754 - ECurveFitLogger - INFO - ESC Agent initialized with configuration:
2026-03-19 14:42:10,756 - ECurveFitLogger - INFO - DB Path: /home/taha/Log_Files/inverter_operations.db
2026-03-19 14:42:10,756 - ECurveFitLogger - INFO - File Path: /home/taha/Log_Files/register_data_log.txt
2026-03-19 14:42:10,757 - ECurveFitLogger - INFO - Curve Fit Path: /home/taha/Log_Files/curvefit.png
2026-03-19 14:42:10,757 - ECurveFitLogger - INFO - Curve Fit Path: /home/taha/DSO_IN/RemoteInputs.txt
2026-03-19 14:42:10,758 - ECurveFitLogger - INFO - Default Power Factor: 0.5
2026-03-19 14:42:10,759 - ECurveFitLogger - INFO - ESC SOC Limit: 20
2026-03-19 14:42:10,759 - ECurveFitLogger - INFO - Inverter Rated S: 11000
2026-03-19 14:42:10,760 - ECurveFitLogger - INFO - Normalizing Voltage: 125
2026-03-19 14:42:10,760 - ECurveFitLogger - INFO - Max ESC Voltage Regulation Iterations: 100
2026-03-19 14:42:10,762 - ECurveFitLogger - INFO - ESC Step Time: 2
2026-03-19 14:42:10,762 - ECurveFitLogger - INFO - SOC Upper Voltage Limit: 20
2026-03-19 14:42:10,763 - ECurveFitLogger - INFO - SOC Lower Voltage Limit: 95
2026-03-19 14:42:10,778 - ECurveFitLogger - INFO - trying connecting to data base
2026-03-19 14:42:10,780 - ECurveFitLogger - INFO - Connected to the SQLite database successfully
2026-03-19 14:42:10,800 - ECurveFitLogger - INFO - Curve Fitting Agent started
2026-03-19 14:42:11,350 - ECurveFitLogger - INFO - Curve Fitting Agent started
2026-03-19 16:33:49,444 - ECurveFitLogger - INFO - Configuration values loaded:
2026-03-19 16:33:49,448 - ECurveFitLogger - INFO - DB Path: ~/Log_Files/inverter_operations.db
2026-03-19 16:33:49,448 - ECurveFitLogger - INFO - File Path: ~/Log_Files/register_data_log.txt
2026-03-19 16:33:49,449 - ECurveFitLogger - INFO - Curve Fit Path: ~/Log_Files/curvefit.png
2026-03-19 16:33:49,449 - ECurveFitLogger - INFO - Remote Input file Path: ~/DSO_IN/RemoteInputs.txt
2026-03-19 16:33:49,450 - ECurveFitLogger - INFO - Default Power Factor: 0.5
2026-03-19 16:33:49,450 - ECurveFitLogger - INFO - ESC SOC Limit: 20
2026-03-19 16:33:49,450 - ECurveFitLogger - INFO - Inverter Rated S: 11000
2026-03-19 16:33:49,451 - ECurveFitLogger - INFO - Normalizing Voltage: 128
2026-03-19 16:33:49,451 - ECurveFitLogger - INFO - Max ESC Voltage Regulation Iterations: 100
2026-03-19 16:33:49,452 - ECurveFitLogger - INFO - ESC Step Time: 2
2026-03-19 16:33:49,452 - ECurveFitLogger - INFO - SOC Upper Voltage Limit: 20
2026-03-19 16:33:49,452 - ECurveFitLogger - INFO - SOC Lower Voltage Limit: 95
2026-03-19 16:33:49,469 - ECurveFitLogger - INFO - ESC Agent initialized with configuration:
2026-03-19 16:33:49,470 - ECurveFitLogger - INFO - DB Path: /home/taha/Log_Files/inverter_operations.db
2026-03-19 16:33:49,470 - ECurveFitLogger - INFO - File Path: /home/taha/Log_Files/register_data_log.txt
2026-03-19 16:33:49,471 - ECurveFitLogger - INFO - Curve Fit Path: /home/taha/Log_Files/curvefit.png
2026-03-19 16:33:49,471 - ECurveFitLogger - INFO - Curve Fit Path: /home/taha/DSO_IN/RemoteInputs.txt
2026-03-19 16:33:49,472 - ECurveFitLogger - INFO - Default Power Factor: 0.5
2026-03-19 16:33:49,472 - ECurveFitLogger - INFO - ESC SOC Limit: 20
2026-03-19 16:33:49,472 - ECurveFitLogger - INFO - Inverter Rated S: 11000
2026-03-19 16:33:49,473 - ECurveFitLogger - INFO - Normalizing Voltage: 128
2026-03-19 16:33:49,473 - ECurveFitLogger - INFO - Max ESC Voltage Regulation Iterations: 100
2026-03-19 16:33:49,474 - ECurveFitLogger - INFO - ESC Step Time: 2
2026-03-19 16:33:49,474 - ECurveFitLogger - INFO - SOC Upper Voltage Limit: 20
2026-03-19 16:33:49,475 - ECurveFitLogger - INFO - SOC Lower Voltage Limit: 95
2026-03-19 16:33:49,475 - ECurveFitLogger - INFO - trying connecting to data base
2026-03-19 16:33:49,476 - ECurveFitLogger - INFO - Connected to the SQLite database successfully
2026-03-19 16:33:49,751 - ECurveFitLogger - INFO - Curve Fitting Agent started
2026-03-30 19:16:47,540 - ECurveFitLogger - INFO - Configuration values loaded:
2026-03-30 19:16:47,543 - ECurveFitLogger - INFO - DB Path: ~/Log_Files/inverter_operations.db
2026-03-30 19:16:47,544 - ECurveFitLogger - INFO - File Path: ~/Log_Files/register_data_log.txt
2026-03-30 19:16:47,544 - ECurveFitLogger - INFO - Curve Fit Path: ~/Log_Files/curvefit.png
2026-03-30 19:16:47,544 - ECurveFitLogger - INFO - Remote Input file Path: ~/DSO_IN/RemoteInputs.txt
2026-03-30 19:16:47,545 - ECurveFitLogger - INFO - Default Power Factor: 0.5
2026-03-30 19:16:47,545 - ECurveFitLogger - INFO - ESC SOC Limit: 20
2026-03-30 19:16:47,545 - ECurveFitLogger - INFO - Inverter Rated S: 11000
2026-03-30 19:16:47,546 - ECurveFitLogger - INFO - Normalizing Voltage: 128
2026-03-30 19:16:47,546 - ECurveFitLogger - INFO - Max ESC Voltage Regulation Iterations: 100
2026-03-30 19:16:47,546 - ECurveFitLogger - INFO - ESC Step Time: 2
2026-03-30 19:16:47,546 - ECurveFitLogger - INFO - SOC Upper Voltage Limit: 20
2026-03-30 19:16:47,547 - ECurveFitLogger - INFO - SOC Lower Voltage Limit: 95
2026-03-30 19:16:47,560 - ECurveFitLogger - INFO - ESC Agent initialized with configuration:
2026-03-30 19:16:47,560 - ECurveFitLogger - INFO - DB Path: /home/taha/Log_Files/inverter_operations.db
2026-03-30 19:16:47,561 - ECurveFitLogger - INFO - File Path: /home/taha/Log_Files/register_data_log.txt
2026-03-30 19:16:47,561 - ECurveFitLogger - INFO - Curve Fit Path: /home/taha/Log_Files/curvefit.png
2026-03-30 19:16:47,561 - ECurveFitLogger - INFO - Curve Fit Path: /home/taha/DSO_IN/RemoteInputs.txt
2026-03-30 19:16:47,561 - ECurveFitLogger - INFO - Default Power Factor: 0.5
2026-03-30 19:16:47,561 - ECurveFitLogger - INFO - ESC SOC Limit: 20
2026-03-30 19:16:47,562 - ECurveFitLogger - INFO - Inverter Rated S: 11000
2026-03-30 19:16:47,562 - ECurveFitLogger - INFO - Normalizing Voltage: 128
2026-03-30 19:16:47,562 - ECurveFitLogger - INFO - Max ESC Voltage Regulation Iterations: 100
2026-03-30 19:16:47,562 - ECurveFitLogger - INFO - ESC Step Time: 2
2026-03-30 19:16:47,563 - ECurveFitLogger - INFO - SOC Upper Voltage Limit: 20
2026-03-30 19:16:47,563 - ECurveFitLogger - INFO - SOC Lower Voltage Limit: 95
2026-03-30 19:16:47,563 - ECurveFitLogger - INFO - trying connecting to data base
2026-03-30 19:16:47,564 - ECurveFitLogger - INFO - Connected to the SQLite database successfully
2026-03-30 19:16:47,827 - ECurveFitLogger - INFO - Curve Fitting Agent started
