2026-03-18 18:33:14,726 - ESCLogger - INFO - Configuration values loaded:
2026-03-18 18:33:14,726 - ESCLogger - INFO - DB Path: ~/Log_Files/inverter_operations.db
2026-03-18 18:33:14,727 - ESCLogger - INFO - File Path: ~/Log_Files/register_data_log.txt
2026-03-18 18:33:14,727 - ESCLogger - INFO - Curve Fit Path: ~/Log_Files/curvefit.png
2026-03-18 18:33:14,728 - ESCLogger - INFO - Remote Input file Path: ~/DSO_IN/RemoteInputs.txt
2026-03-18 18:33:14,728 - ESCLogger - INFO - Default Power Factor: 0.5
2026-03-18 18:33:14,728 - ESCLogger - INFO - ESC SOC Limit: 20
2026-03-18 18:33:14,729 - ESCLogger - INFO - Inverter Rated S: 11000
2026-03-18 18:33:14,730 - ESCLogger - INFO - Normalizing Voltage: 125
2026-03-18 18:33:14,730 - ESCLogger - INFO - Max ESC Voltage Regulation Iterations: 100
2026-03-18 18:33:14,730 - ESCLogger - INFO - ESC Step Time: 2
2026-03-18 18:33:14,734 - ESCLogger - INFO - SOC Upper Voltage Limit: 20
2026-03-18 18:33:14,735 - ESCLogger - INFO - SOC Lower Voltage Limit: 95
2026-03-18 18:33:14,745 - ESCLogger - INFO - Configuration values loaded:
2026-03-18 18:33:14,746 - ESCLogger - INFO - DB Path: ~/Log_Files/inverter_operations.db
2026-03-18 18:33:14,747 - ESCLogger - INFO - File Path: ~/Log_Files/register_data_log.txt
2026-03-18 18:33:14,748 - ESCLogger - INFO - Curve Fit Path: ~/Log_Files/curvefit.png
2026-03-18 18:33:14,748 - ESCLogger - INFO - Remote Input file Path: ~/DSO_IN/RemoteInputs.txt
2026-03-18 18:33:14,749 - ESCLogger - INFO - Default Power Factor: 0.5
2026-03-18 18:33:14,749 - ESCLogger - INFO - ESC SOC Limit: 20
2026-03-18 18:33:14,749 - ESCLogger - INFO - Inverter Rated S: 11000
2026-03-18 18:33:14,750 - ESCLogger - INFO - Normalizing Voltage: 125
2026-03-18 18:33:14,750 - ESCLogger - INFO - Max ESC Voltage Regulation Iterations: 100
2026-03-18 18:33:14,751 - ESCLogger - INFO - ESC Step Time: 2
2026-03-18 18:33:14,751 - ESCLogger - INFO - SOC Upper Voltage Limit: 20
2026-03-18 18:33:14,752 - ESCLogger - INFO - SOC Lower Voltage Limit: 95
2026-03-18 18:33:14,753 - ESCLogger - INFO - ESC Agent initialized with configuration:
2026-03-18 18:33:14,753 - ESCLogger - INFO - DB Path: /home/taha/Log_Files/inverter_operations.db
2026-03-18 18:33:14,754 - ESCLogger - INFO - File Path: /home/taha/Log_Files/register_data_log.txt
2026-03-18 18:33:14,754 - ESCLogger - INFO - Curve Fit Path: /home/taha/Log_Files/curvefit.png
2026-03-18 18:33:14,755 - ESCLogger - INFO - Curve Fit Path: /home/taha/DSO_IN/RemoteInputs.txt
2026-03-18 18:33:14,755 - ESCLogger - INFO - Default Power Factor: 0.5
2026-03-18 18:33:14,756 - ESCLogger - INFO - ESC SOC Limit: 20
2026-03-18 18:33:14,756 - ESCLogger - INFO - Inverter Rated S: 11000
2026-03-18 18:33:14,756 - ESCLogger - INFO - Normalizing Voltage: 125
2026-03-18 18:33:14,757 - ESCLogger - INFO - Max ESC Voltage Regulation Iterations: 100
2026-03-18 18:33:14,757 - ESCLogger - INFO - ESC Step Time: 2
2026-03-18 18:33:14,758 - ESCLogger - INFO - SOC Upper Voltage Limit: 20
2026-03-18 18:33:14,759 - ESCLogger - INFO - SOC Lower Voltage Limit: 95
2026-03-18 18:33:14,759 - ESCLogger - INFO - trying connecting to data base
2026-03-18 18:33:14,761 - ESCLogger - INFO - Connected to the SQLite database successfully
2026-03-18 18:33:14,770 - ESCLogger - INFO - ESC Agent initialized with configuration:
2026-03-18 18:33:14,771 - ESCLogger - INFO - DB Path: /home/taha/Log_Files/inverter_operations.db
2026-03-18 18:33:14,772 - ESCLogger - INFO - File Path: /home/taha/Log_Files/register_data_log.txt
2026-03-18 18:33:14,773 - ESCLogger - INFO - Curve Fit Path: /home/taha/Log_Files/curvefit.png
2026-03-18 18:33:14,773 - ESCLogger - INFO - Curve Fit Path: /home/taha/DSO_IN/RemoteInputs.txt
2026-03-18 18:33:14,774 - ESCLogger - INFO - Default Power Factor: 0.5
2026-03-18 18:33:14,774 - ESCLogger - INFO - ESC SOC Limit: 20
2026-03-18 18:33:14,775 - ESCLogger - INFO - Inverter Rated S: 11000
2026-03-18 18:33:14,775 - ESCLogger - INFO - Normalizing Voltage: 125
2026-03-18 18:33:14,775 - ESCLogger - INFO - Max ESC Voltage Regulation Iterations: 100
2026-03-18 18:33:14,775 - ESCLogger - INFO - ESC Step Time: 2
2026-03-18 18:33:14,776 - ESCLogger - INFO - SOC Upper Voltage Limit: 20
2026-03-18 18:33:14,776 - ESCLogger - INFO - SOC Lower Voltage Limit: 95
2026-03-18 18:33:14,777 - ESCLogger - INFO - trying connecting to data base
2026-03-18 18:33:14,778 - ESCLogger - INFO - Connected to the SQLite database successfully
2026-03-18 18:33:15,022 - ESCLogger - INFO - E.Seeking Agent started...
2026-03-18 18:33:15,114 - ESCLogger - INFO - E.Seeking Agent started...
2026-03-18 18:33:15,419 - ESCLogger - INFO - Configuration values loaded:
2026-03-18 18:33:15,420 - ESCLogger - INFO - DB Path: ~/Log_Files/inverter_operations.db
2026-03-18 18:33:15,421 - ESCLogger - INFO - File Path: ~/Log_Files/register_data_log.txt
2026-03-18 18:33:15,421 - ESCLogger - INFO - Curve Fit Path: ~/Log_Files/curvefit.png
2026-03-18 18:33:15,421 - ESCLogger - INFO - Remote Input file Path: ~/DSO_IN/RemoteInputs.txt
2026-03-18 18:33:15,422 - ESCLogger - INFO - Default Power Factor: 0.5
2026-03-18 18:33:15,422 - ESCLogger - INFO - ESC SOC Limit: 20
2026-03-18 18:33:15,422 - ESCLogger - INFO - Inverter Rated S: 11000
2026-03-18 18:33:15,423 - ESCLogger - INFO - Normalizing Voltage: 128
2026-03-18 18:33:15,423 - ESCLogger - INFO - Max ESC Voltage Regulation Iterations: 100
2026-03-18 18:33:15,423 - ESCLogger - INFO - ESC Step Time: 2
2026-03-18 18:33:15,424 - ESCLogger - INFO - SOC Upper Voltage Limit: 20
2026-03-18 18:33:15,424 - ESCLogger - INFO - SOC Lower Voltage Limit: 95
2026-03-18 18:33:15,438 - ESCLogger - INFO - ESC Agent initialized with configuration:
2026-03-18 18:33:15,439 - ESCLogger - INFO - DB Path: /home/taha/Log_Files/inverter_operations.db
2026-03-18 18:33:15,439 - ESCLogger - INFO - File Path: /home/taha/Log_Files/register_data_log.txt
2026-03-18 18:33:15,439 - ESCLogger - INFO - Curve Fit Path: /home/taha/Log_Files/curvefit.png
2026-03-18 18:33:15,440 - ESCLogger - INFO - Curve Fit Path: /home/taha/DSO_IN/RemoteInputs.txt
2026-03-18 18:33:15,440 - ESCLogger - INFO - Default Power Factor: 0.5
2026-03-18 18:33:15,440 - ESCLogger - INFO - ESC SOC Limit: 20
2026-03-18 18:33:15,441 - ESCLogger - INFO - Inverter Rated S: 11000
2026-03-18 18:33:15,441 - ESCLogger - INFO - Normalizing Voltage: 128
2026-03-18 18:33:15,441 - ESCLogger - INFO - Max ESC Voltage Regulation Iterations: 100
2026-03-18 18:33:15,441 - ESCLogger - INFO - ESC Step Time: 2
2026-03-18 18:33:15,442 - ESCLogger - INFO - SOC Upper Voltage Limit: 20
2026-03-18 18:33:15,442 - ESCLogger - INFO - SOC Lower Voltage Limit: 95
2026-03-18 18:33:15,442 - ESCLogger - INFO - trying connecting to data base
2026-03-18 18:33:15,443 - ESCLogger - INFO - Connected to the SQLite database successfully
2026-03-18 18:33:15,697 - ESCLogger - INFO - E.Seeking Agent started...
2026-03-19 14:41:55,633 - ESCLogger - INFO - Configuration values loaded:
2026-03-19 14:41:55,641 - ESCLogger - INFO - DB Path: ~/Log_Files/inverter_operations.db
2026-03-19 14:41:55,641 - ESCLogger - INFO - File Path: ~/Log_Files/register_data_log.txt
2026-03-19 14:41:55,642 - ESCLogger - INFO - Curve Fit Path: ~/Log_Files/curvefit.png
2026-03-19 14:41:55,642 - ESCLogger - INFO - Remote Input file Path: ~/DSO_IN/RemoteInputs.txt
2026-03-19 14:41:55,642 - ESCLogger - INFO - Default Power Factor: 0.5
2026-03-19 14:41:55,643 - ESCLogger - INFO - ESC SOC Limit: 20
2026-03-19 14:41:55,643 - ESCLogger - INFO - Inverter Rated S: 11000
2026-03-19 14:41:55,643 - ESCLogger - INFO - Normalizing Voltage: 128
2026-03-19 14:41:55,644 - ESCLogger - INFO - Max ESC Voltage Regulation Iterations: 100
2026-03-19 14:41:55,644 - ESCLogger - INFO - ESC Step Time: 2
2026-03-19 14:41:55,644 - ESCLogger - INFO - SOC Upper Voltage Limit: 20
2026-03-19 14:41:55,644 - ESCLogger - INFO - SOC Lower Voltage Limit: 95
2026-03-19 14:41:55,660 - ESCLogger - INFO - ESC Agent initialized with configuration:
2026-03-19 14:41:55,660 - ESCLogger - INFO - DB Path: /home/taha/Log_Files/inverter_operations.db
2026-03-19 14:41:55,661 - ESCLogger - INFO - File Path: /home/taha/Log_Files/register_data_log.txt
2026-03-19 14:41:55,661 - ESCLogger - INFO - Curve Fit Path: /home/taha/Log_Files/curvefit.png
2026-03-19 14:41:55,662 - ESCLogger - INFO - Curve Fit Path: /home/taha/DSO_IN/RemoteInputs.txt
2026-03-19 14:41:55,662 - ESCLogger - INFO - Default Power Factor: 0.5
2026-03-19 14:41:55,662 - ESCLogger - INFO - ESC SOC Limit: 20
2026-03-19 14:41:55,663 - ESCLogger - INFO - Inverter Rated S: 11000
2026-03-19 14:41:55,663 - ESCLogger - INFO - Normalizing Voltage: 128
2026-03-19 14:41:55,664 - ESCLogger - INFO - Max ESC Voltage Regulation Iterations: 100
2026-03-19 14:41:55,664 - ESCLogger - INFO - ESC Step Time: 2
2026-03-19 14:41:55,665 - ESCLogger - INFO - SOC Upper Voltage Limit: 20
2026-03-19 14:41:55,665 - ESCLogger - INFO - SOC Lower Voltage Limit: 95
2026-03-19 14:41:55,665 - ESCLogger - INFO - trying connecting to data base
2026-03-19 14:41:55,666 - ESCLogger - INFO - Connected to the SQLite database successfully
2026-03-19 14:41:55,876 - ESCLogger - INFO - E.Seeking Agent started...
2026-03-19 16:33:34,562 - ESCLogger - INFO - Configuration values loaded:
2026-03-19 16:33:34,566 - ESCLogger - INFO - DB Path: ~/Log_Files/inverter_operations.db
2026-03-19 16:33:34,567 - ESCLogger - INFO - File Path: ~/Log_Files/register_data_log.txt
2026-03-19 16:33:34,570 - ESCLogger - INFO - Curve Fit Path: ~/Log_Files/curvefit.png
2026-03-19 16:33:34,571 - ESCLogger - INFO - Remote Input file Path: ~/DSO_IN/RemoteInputs.txt
2026-03-19 16:33:34,572 - ESCLogger - INFO - Default Power Factor: 0.5
2026-03-19 16:33:34,572 - ESCLogger - INFO - ESC SOC Limit: 20
2026-03-19 16:33:34,572 - ESCLogger - INFO - Inverter Rated S: 11000
2026-03-19 16:33:34,573 - ESCLogger - INFO - Normalizing Voltage: 128
2026-03-19 16:33:34,573 - ESCLogger - INFO - Max ESC Voltage Regulation Iterations: 100
2026-03-19 16:33:34,573 - ESCLogger - INFO - ESC Step Time: 2
2026-03-19 16:33:34,574 - ESCLogger - INFO - SOC Upper Voltage Limit: 20
2026-03-19 16:33:34,582 - ESCLogger - INFO - SOC Lower Voltage Limit: 95
2026-03-19 16:33:34,617 - ESCLogger - INFO - ESC Agent initialized with configuration:
2026-03-19 16:33:34,619 - ESCLogger - INFO - DB Path: /home/taha/Log_Files/inverter_operations.db
2026-03-19 16:33:34,620 - ESCLogger - INFO - File Path: /home/taha/Log_Files/register_data_log.txt
2026-03-19 16:33:34,620 - ESCLogger - INFO - Curve Fit Path: /home/taha/Log_Files/curvefit.png
2026-03-19 16:33:34,620 - ESCLogger - INFO - Curve Fit Path: /home/taha/DSO_IN/RemoteInputs.txt
2026-03-19 16:33:34,621 - ESCLogger - INFO - Default Power Factor: 0.5
2026-03-19 16:33:34,621 - ESCLogger - INFO - ESC SOC Limit: 20
2026-03-19 16:33:34,621 - ESCLogger - INFO - Inverter Rated S: 11000
2026-03-19 16:33:34,622 - ESCLogger - INFO - Normalizing Voltage: 128
2026-03-19 16:33:34,623 - ESCLogger - INFO - Max ESC Voltage Regulation Iterations: 100
2026-03-19 16:33:34,624 - ESCLogger - INFO - ESC Step Time: 2
2026-03-19 16:33:34,625 - ESCLogger - INFO - SOC Upper Voltage Limit: 20
2026-03-19 16:33:34,626 - ESCLogger - INFO - SOC Lower Voltage Limit: 95
2026-03-19 16:33:34,627 - ESCLogger - INFO - trying connecting to data base
2026-03-19 16:33:34,630 - ESCLogger - INFO - Connected to the SQLite database successfully
2026-03-19 16:33:34,871 - ESCLogger - INFO - E.Seeking Agent started...
