2026-03-18 18:33:26,059 - PQAdjLogger - INFO - Configuration values loaded:
2026-03-18 18:33:26,060 - PQAdjLogger - INFO - DB Path: ~/Log_Files/inverter_operations.db
2026-03-18 18:33:26,060 - PQAdjLogger - INFO - File Path: ~/Log_Files/register_data_log.txt
2026-03-18 18:33:26,061 - PQAdjLogger - INFO - Curve Fit Path: ~/Log_Files/curvefit.png
2026-03-18 18:33:26,061 - PQAdjLogger - INFO - Remote Input file Path: ~/DSO_IN/RemoteInputs.txt
2026-03-18 18:33:26,062 - PQAdjLogger - INFO - Default Power Factor: 0.5
2026-03-18 18:33:26,062 - PQAdjLogger - INFO - ESC SOC Limit: 20
2026-03-18 18:33:26,063 - PQAdjLogger - INFO - Inverter Rated S: 11000
2026-03-18 18:33:26,063 - PQAdjLogger - INFO - Normalizing Voltage: 125
2026-03-18 18:33:26,063 - PQAdjLogger - INFO - Max ESC Voltage Regulation Iterations: 100
2026-03-18 18:33:26,064 - PQAdjLogger - INFO - ESC Step Time: 2
2026-03-18 18:33:26,064 - PQAdjLogger - INFO - SOC Upper Voltage Limit: 20
2026-03-18 18:33:26,065 - PQAdjLogger - INFO - SOC Lower Voltage Limit: 95
2026-03-18 18:33:26,080 - PQAdjLogger - INFO - ESC Agent initialized with configuration:
2026-03-18 18:33:26,081 - PQAdjLogger - INFO - DB Path: /home/taha/Log_Files/inverter_operations.db
2026-03-18 18:33:26,082 - PQAdjLogger - INFO - File Path: /home/taha/Log_Files/register_data_log.txt
2026-03-18 18:33:26,082 - PQAdjLogger - INFO - Curve Fit Path: /home/taha/Log_Files/curvefit.png
2026-03-18 18:33:26,083 - PQAdjLogger - INFO - Curve Fit Path: /home/taha/DSO_IN/RemoteInputs.txt
2026-03-18 18:33:26,083 - PQAdjLogger - INFO - Default Power Factor: 0.5
2026-03-18 18:33:26,083 - PQAdjLogger - INFO - ESC SOC Limit: 20
2026-03-18 18:33:26,084 - PQAdjLogger - INFO - Inverter Rated S: 11000
2026-03-18 18:33:26,084 - PQAdjLogger - INFO - Normalizing Voltage: 125
2026-03-18 18:33:26,085 - PQAdjLogger - INFO - Max ESC Voltage Regulation Iterations: 100
2026-03-18 18:33:26,085 - PQAdjLogger - INFO - ESC Step Time: 2
2026-03-18 18:33:26,086 - PQAdjLogger - INFO - SOC Upper Voltage Limit: 20
2026-03-18 18:33:26,086 - PQAdjLogger - INFO - SOC Lower Voltage Limit: 95
2026-03-18 18:33:26,087 - PQAdjLogger - INFO - trying connecting to data base
2026-03-18 18:33:26,088 - PQAdjLogger - INFO - Connected to the SQLite database successfully
2026-03-18 18:33:26,351 - PQAdjLogger - INFO - PQAdj Agent started...
2026-03-18 18:33:26,761 - PQAdjLogger - INFO - Configuration values loaded:
2026-03-18 18:33:26,762 - PQAdjLogger - INFO - DB Path: ~/Log_Files/inverter_operations.db
2026-03-18 18:33:26,762 - PQAdjLogger - INFO - File Path: ~/Log_Files/register_data_log.txt
2026-03-18 18:33:26,763 - PQAdjLogger - INFO - Curve Fit Path: ~/Log_Files/curvefit.png
2026-03-18 18:33:26,763 - PQAdjLogger - INFO - Remote Input file Path: ~/DSO_IN/RemoteInputs.txt
2026-03-18 18:33:26,765 - PQAdjLogger - INFO - Default Power Factor: 0.5
2026-03-18 18:33:26,767 - PQAdjLogger - INFO - ESC SOC Limit: 20
2026-03-18 18:33:26,769 - PQAdjLogger - INFO - Inverter Rated S: 11000
2026-03-18 18:33:26,771 - PQAdjLogger - INFO - Normalizing Voltage: 125
2026-03-18 18:33:26,771 - PQAdjLogger - INFO - Max ESC Voltage Regulation Iterations: 100
2026-03-18 18:33:26,773 - PQAdjLogger - INFO - ESC Step Time: 2
2026-03-18 18:33:26,774 - PQAdjLogger - INFO - SOC Upper Voltage Limit: 20
2026-03-18 18:33:26,775 - PQAdjLogger - INFO - SOC Lower Voltage Limit: 95
2026-03-18 18:33:26,775 - PQAdjLogger - INFO - Configuration values loaded:
2026-03-18 18:33:26,776 - PQAdjLogger - INFO - DB Path: ~/Log_Files/inverter_operations.db
2026-03-18 18:33:26,777 - PQAdjLogger - INFO - File Path: ~/Log_Files/register_data_log.txt
2026-03-18 18:33:26,779 - PQAdjLogger - INFO - Curve Fit Path: ~/Log_Files/curvefit.png
2026-03-18 18:33:26,780 - PQAdjLogger - INFO - Remote Input file Path: ~/DSO_IN/RemoteInputs.txt
2026-03-18 18:33:26,781 - PQAdjLogger - INFO - Default Power Factor: 0.5
2026-03-18 18:33:26,782 - PQAdjLogger - INFO - ESC SOC Limit: 20
2026-03-18 18:33:26,782 - PQAdjLogger - INFO - Inverter Rated S: 11000
2026-03-18 18:33:26,783 - PQAdjLogger - INFO - Normalizing Voltage: 128
2026-03-18 18:33:26,784 - PQAdjLogger - INFO - Max ESC Voltage Regulation Iterations: 100
2026-03-18 18:33:26,786 - PQAdjLogger - INFO - ESC Step Time: 2
2026-03-18 18:33:26,787 - PQAdjLogger - INFO - SOC Upper Voltage Limit: 20
2026-03-18 18:33:26,788 - PQAdjLogger - INFO - SOC Lower Voltage Limit: 95
2026-03-18 18:33:26,801 - PQAdjLogger - INFO - ESC Agent initialized with configuration:
2026-03-18 18:33:26,801 - PQAdjLogger - INFO - DB Path: /home/taha/Log_Files/inverter_operations.db
2026-03-18 18:33:26,802 - PQAdjLogger - INFO - File Path: /home/taha/Log_Files/register_data_log.txt
2026-03-18 18:33:26,803 - PQAdjLogger - INFO - Curve Fit Path: /home/taha/Log_Files/curvefit.png
2026-03-18 18:33:26,803 - PQAdjLogger - INFO - Curve Fit Path: /home/taha/DSO_IN/RemoteInputs.txt
2026-03-18 18:33:26,804 - PQAdjLogger - INFO - Default Power Factor: 0.5
2026-03-18 18:33:26,804 - PQAdjLogger - INFO - ESC SOC Limit: 20
2026-03-18 18:33:26,805 - PQAdjLogger - INFO - Inverter Rated S: 11000
2026-03-18 18:33:26,807 - PQAdjLogger - INFO - ESC Agent initialized with configuration:
2026-03-18 18:33:26,807 - PQAdjLogger - INFO - Normalizing Voltage: 125
2026-03-18 18:33:26,807 - PQAdjLogger - INFO - DB Path: /home/taha/Log_Files/inverter_operations.db
2026-03-18 18:33:26,808 - PQAdjLogger - INFO - Max ESC Voltage Regulation Iterations: 100
2026-03-18 18:33:26,808 - PQAdjLogger - INFO - File Path: /home/taha/Log_Files/register_data_log.txt
2026-03-18 18:33:26,809 - PQAdjLogger - INFO - ESC Step Time: 2
2026-03-18 18:33:26,809 - PQAdjLogger - INFO - Curve Fit Path: /home/taha/Log_Files/curvefit.png
2026-03-18 18:33:26,809 - PQAdjLogger - INFO - Curve Fit Path: /home/taha/DSO_IN/RemoteInputs.txt
2026-03-18 18:33:26,809 - PQAdjLogger - INFO - SOC Upper Voltage Limit: 20
2026-03-18 18:33:26,809 - PQAdjLogger - INFO - SOC Lower Voltage Limit: 95
2026-03-18 18:33:26,809 - PQAdjLogger - INFO - Default Power Factor: 0.5
2026-03-18 18:33:26,810 - PQAdjLogger - INFO - trying connecting to data base
2026-03-18 18:33:26,810 - PQAdjLogger - INFO - ESC SOC Limit: 20
2026-03-18 18:33:26,810 - PQAdjLogger - INFO - Inverter Rated S: 11000
2026-03-18 18:33:26,812 - PQAdjLogger - INFO - Normalizing Voltage: 128
2026-03-18 18:33:26,812 - PQAdjLogger - INFO - Max ESC Voltage Regulation Iterations: 100
2026-03-18 18:33:26,813 - PQAdjLogger - INFO - ESC Step Time: 2
2026-03-18 18:33:26,813 - PQAdjLogger - INFO - SOC Upper Voltage Limit: 20
2026-03-18 18:33:26,811 - PQAdjLogger - INFO - Connected to the SQLite database successfully
2026-03-18 18:33:26,814 - PQAdjLogger - INFO - SOC Lower Voltage Limit: 95
2026-03-18 18:33:26,814 - PQAdjLogger - INFO - trying connecting to data base
2026-03-18 18:33:26,815 - PQAdjLogger - INFO - Connected to the SQLite database successfully
2026-03-18 18:33:27,155 - PQAdjLogger - INFO - PQAdj Agent started...
2026-03-18 18:33:27,220 - PQAdjLogger - INFO - PQAdj Agent started...
2026-03-19 14:42:03,169 - PQAdjLogger - INFO - Configuration values loaded:
2026-03-19 14:42:03,172 - PQAdjLogger - INFO - DB Path: ~/Log_Files/inverter_operations.db
2026-03-19 14:42:03,172 - PQAdjLogger - INFO - File Path: ~/Log_Files/register_data_log.txt
2026-03-19 14:42:03,173 - PQAdjLogger - INFO - Curve Fit Path: ~/Log_Files/curvefit.png
2026-03-19 14:42:03,173 - PQAdjLogger - INFO - Remote Input file Path: ~/DSO_IN/RemoteInputs.txt
2026-03-19 14:42:03,174 - PQAdjLogger - INFO - Default Power Factor: 0.5
2026-03-19 14:42:03,174 - PQAdjLogger - INFO - ESC SOC Limit: 20
2026-03-19 14:42:03,175 - PQAdjLogger - INFO - Inverter Rated S: 11000
2026-03-19 14:42:03,175 - PQAdjLogger - INFO - Normalizing Voltage: 128
2026-03-19 14:42:03,175 - PQAdjLogger - INFO - Max ESC Voltage Regulation Iterations: 100
2026-03-19 14:42:03,176 - PQAdjLogger - INFO - ESC Step Time: 2
2026-03-19 14:42:03,176 - PQAdjLogger - INFO - SOC Upper Voltage Limit: 20
2026-03-19 14:42:03,177 - PQAdjLogger - INFO - SOC Lower Voltage Limit: 95
2026-03-19 14:42:03,190 - PQAdjLogger - INFO - ESC Agent initialized with configuration:
2026-03-19 14:42:03,191 - PQAdjLogger - INFO - DB Path: /home/taha/Log_Files/inverter_operations.db
2026-03-19 14:42:03,191 - PQAdjLogger - INFO - File Path: /home/taha/Log_Files/register_data_log.txt
2026-03-19 14:42:03,192 - PQAdjLogger - INFO - Curve Fit Path: /home/taha/Log_Files/curvefit.png
2026-03-19 14:42:03,192 - PQAdjLogger - INFO - Curve Fit Path: /home/taha/DSO_IN/RemoteInputs.txt
2026-03-19 14:42:03,192 - PQAdjLogger - INFO - Default Power Factor: 0.5
2026-03-19 14:42:03,193 - PQAdjLogger - INFO - ESC SOC Limit: 20
2026-03-19 14:42:03,193 - PQAdjLogger - INFO - Inverter Rated S: 11000
2026-03-19 14:42:03,193 - PQAdjLogger - INFO - Normalizing Voltage: 128
2026-03-19 14:42:03,193 - PQAdjLogger - INFO - Max ESC Voltage Regulation Iterations: 100
2026-03-19 14:42:03,194 - PQAdjLogger - INFO - ESC Step Time: 2
2026-03-19 14:42:03,194 - PQAdjLogger - INFO - SOC Upper Voltage Limit: 20
2026-03-19 14:42:03,194 - PQAdjLogger - INFO - SOC Lower Voltage Limit: 95
2026-03-19 14:42:03,195 - PQAdjLogger - INFO - trying connecting to data base
2026-03-19 14:42:03,195 - PQAdjLogger - INFO - Connected to the SQLite database successfully
2026-03-19 14:42:03,394 - PQAdjLogger - INFO - PQAdj Agent started...
