2026-03-18 16:54:53,874 - ECurveFitLogger - INFO - Configuration values loaded:
2026-03-18 16:54:53,875 - ECurveFitLogger - INFO - DB Path: ~/Log_Files/inverter_operations.db
2026-03-18 16:54:53,875 - ECurveFitLogger - INFO - File Path: ~/Log_Files/register_data_log.txt
2026-03-18 16:54:53,877 - ECurveFitLogger - INFO - Curve Fit Path: ~/Log_Files/curvefit.png
2026-03-18 16:54:53,877 - ECurveFitLogger - INFO - Remote Input file Path: ~/DSO_IN/RemoteInputs.txt
2026-03-18 16:54:53,877 - ECurveFitLogger - INFO - Default Power Factor: 0.5
2026-03-18 16:54:53,878 - ECurveFitLogger - INFO - ESC SOC Limit: 20
2026-03-18 16:54:53,879 - ECurveFitLogger - INFO - Inverter Rated S: 11000
2026-03-18 16:54:53,879 - ECurveFitLogger - INFO - Normalizing Voltage: 125
2026-03-18 16:54:53,881 - ECurveFitLogger - INFO - Max ESC Voltage Regulation Iterations: 100
2026-03-18 16:54:53,881 - ECurveFitLogger - INFO - ESC Step Time: 2
2026-03-18 16:54:53,882 - ECurveFitLogger - INFO - SOC Upper Voltage Limit: 20
2026-03-18 16:54:53,882 - ECurveFitLogger - INFO - SOC Lower Voltage Limit: 95
2026-03-18 16:54:53,913 - ECurveFitLogger - INFO - ESC Agent initialized with configuration:
2026-03-18 16:54:53,913 - ECurveFitLogger - INFO - DB Path: /home/taha/Log_Files/inverter_operations.db
2026-03-18 16:54:53,914 - ECurveFitLogger - INFO - File Path: /home/taha/Log_Files/register_data_log.txt
2026-03-18 16:54:53,914 - ECurveFitLogger - INFO - Curve Fit Path: /home/taha/Log_Files/curvefit.png
2026-03-18 16:54:53,915 - ECurveFitLogger - INFO - Curve Fit Path: /home/taha/DSO_IN/RemoteInputs.txt
2026-03-18 16:54:53,916 - ECurveFitLogger - INFO - Default Power Factor: 0.5
2026-03-18 16:54:53,916 - ECurveFitLogger - INFO - ESC SOC Limit: 20
2026-03-18 16:54:53,917 - ECurveFitLogger - INFO - Inverter Rated S: 11000
2026-03-18 16:54:53,917 - ECurveFitLogger - INFO - Normalizing Voltage: 125
2026-03-18 16:54:53,918 - ECurveFitLogger - INFO - Max ESC Voltage Regulation Iterations: 100
2026-03-18 16:54:53,918 - ECurveFitLogger - INFO - ESC Step Time: 2
2026-03-18 16:54:53,918 - ECurveFitLogger - INFO - SOC Upper Voltage Limit: 20
2026-03-18 16:54:53,919 - ECurveFitLogger - INFO - SOC Lower Voltage Limit: 95
2026-03-18 16:54:53,920 - ECurveFitLogger - INFO - trying connecting to data base
2026-03-18 16:54:53,920 - ECurveFitLogger - INFO - Connected to the SQLite database successfully
2026-03-18 16:54:54,381 - ECurveFitLogger - INFO - Curve Fitting Agent started
2026-03-18 16:54:54,486 - ECurveFitLogger - INFO - Configuration values loaded:
2026-03-18 16:54:54,487 - ECurveFitLogger - INFO - DB Path: ~/Log_Files/inverter_operations.db
2026-03-18 16:54:54,488 - ECurveFitLogger - INFO - File Path: ~/Log_Files/register_data_log.txt
2026-03-18 16:54:54,488 - ECurveFitLogger - INFO - Curve Fit Path: ~/Log_Files/curvefit.png
2026-03-18 16:54:54,488 - ECurveFitLogger - INFO - Remote Input file Path: ~/DSO_IN/RemoteInputs.txt
2026-03-18 16:54:54,489 - ECurveFitLogger - INFO - Default Power Factor: 0.5
2026-03-18 16:54:54,489 - ECurveFitLogger - INFO - ESC SOC Limit: 20
2026-03-18 16:54:54,489 - ECurveFitLogger - INFO - Inverter Rated S: 11000
2026-03-18 16:54:54,490 - ECurveFitLogger - INFO - Normalizing Voltage: 125
2026-03-18 16:54:54,490 - ECurveFitLogger - INFO - Max ESC Voltage Regulation Iterations: 100
2026-03-18 16:54:54,490 - ECurveFitLogger - INFO - ESC Step Time: 2
2026-03-18 16:54:54,491 - ECurveFitLogger - INFO - SOC Upper Voltage Limit: 20
2026-03-18 16:54:54,491 - ECurveFitLogger - INFO - SOC Lower Voltage Limit: 95
2026-03-18 16:54:54,505 - ECurveFitLogger - INFO - ESC Agent initialized with configuration:
2026-03-18 16:54:54,505 - ECurveFitLogger - INFO - DB Path: /home/taha/Log_Files/inverter_operations.db
2026-03-18 16:54:54,506 - ECurveFitLogger - INFO - File Path: /home/taha/Log_Files/register_data_log.txt
2026-03-18 16:54:54,506 - ECurveFitLogger - INFO - Curve Fit Path: /home/taha/Log_Files/curvefit.png
2026-03-18 16:54:54,506 - ECurveFitLogger - INFO - Curve Fit Path: /home/taha/DSO_IN/RemoteInputs.txt
2026-03-18 16:54:54,507 - ECurveFitLogger - INFO - Default Power Factor: 0.5
2026-03-18 16:54:54,507 - ECurveFitLogger - INFO - ESC SOC Limit: 20
2026-03-18 16:54:54,507 - ECurveFitLogger - INFO - Inverter Rated S: 11000
2026-03-18 16:54:54,508 - ECurveFitLogger - INFO - Normalizing Voltage: 125
2026-03-18 16:54:54,508 - ECurveFitLogger - INFO - Max ESC Voltage Regulation Iterations: 100
2026-03-18 16:54:54,508 - ECurveFitLogger - INFO - ESC Step Time: 2
2026-03-18 16:54:54,509 - ECurveFitLogger - INFO - SOC Upper Voltage Limit: 20
2026-03-18 16:54:54,509 - ECurveFitLogger - INFO - SOC Lower Voltage Limit: 95
2026-03-18 16:54:54,509 - ECurveFitLogger - INFO - trying connecting to data base
2026-03-18 16:54:54,510 - ECurveFitLogger - INFO - Connected to the SQLite database successfully
2026-03-18 16:54:54,778 - ECurveFitLogger - INFO - Curve Fitting Agent started
