2026-03-18 16:54:36,304 - ESCLogger - INFO - Configuration values loaded:
2026-03-18 16:54:36,305 - ESCLogger - INFO - DB Path: ~/Log_Files/inverter_operations.db
2026-03-18 16:54:36,305 - ESCLogger - INFO - File Path: ~/Log_Files/register_data_log.txt
2026-03-18 16:54:36,306 - ESCLogger - INFO - Curve Fit Path: ~/Log_Files/curvefit.png
2026-03-18 16:54:36,307 - ESCLogger - INFO - Remote Input file Path: ~/DSO_IN/RemoteInputs.txt
2026-03-18 16:54:36,307 - ESCLogger - INFO - Default Power Factor: 0.5
2026-03-18 16:54:36,307 - ESCLogger - INFO - ESC SOC Limit: 20
2026-03-18 16:54:36,307 - ESCLogger - INFO - Inverter Rated S: 11000
2026-03-18 16:54:36,308 - ESCLogger - INFO - Normalizing Voltage: 125
2026-03-18 16:54:36,308 - ESCLogger - INFO - Max ESC Voltage Regulation Iterations: 100
2026-03-18 16:54:36,308 - ESCLogger - INFO - ESC Step Time: 2
2026-03-18 16:54:36,308 - ESCLogger - INFO - SOC Upper Voltage Limit: 20
2026-03-18 16:54:36,308 - ESCLogger - INFO - SOC Lower Voltage Limit: 95
2026-03-18 16:54:36,322 - ESCLogger - INFO - ESC Agent initialized with configuration:
2026-03-18 16:54:36,323 - ESCLogger - INFO - DB Path: /home/taha/Log_Files/inverter_operations.db
2026-03-18 16:54:36,323 - ESCLogger - INFO - File Path: /home/taha/Log_Files/register_data_log.txt
2026-03-18 16:54:36,323 - ESCLogger - INFO - Curve Fit Path: /home/taha/Log_Files/curvefit.png
2026-03-18 16:54:36,324 - ESCLogger - INFO - Curve Fit Path: /home/taha/DSO_IN/RemoteInputs.txt
2026-03-18 16:54:36,324 - ESCLogger - INFO - Default Power Factor: 0.5
2026-03-18 16:54:36,324 - ESCLogger - INFO - ESC SOC Limit: 20
2026-03-18 16:54:36,325 - ESCLogger - INFO - Inverter Rated S: 11000
2026-03-18 16:54:36,325 - ESCLogger - INFO - Normalizing Voltage: 125
2026-03-18 16:54:36,325 - ESCLogger - INFO - Max ESC Voltage Regulation Iterations: 100
2026-03-18 16:54:36,326 - ESCLogger - INFO - ESC Step Time: 2
2026-03-18 16:54:36,326 - ESCLogger - INFO - SOC Upper Voltage Limit: 20
2026-03-18 16:54:36,327 - ESCLogger - INFO - SOC Lower Voltage Limit: 95
2026-03-18 16:54:36,327 - ESCLogger - INFO - trying connecting to data base
2026-03-18 16:54:36,328 - ESCLogger - INFO - Connected to the SQLite database successfully
2026-03-18 16:54:36,350 - ESCLogger - INFO - Configuration values loaded:
2026-03-18 16:54:36,352 - ESCLogger - INFO - DB Path: ~/Log_Files/inverter_operations.db
2026-03-18 16:54:36,352 - ESCLogger - INFO - File Path: ~/Log_Files/register_data_log.txt
2026-03-18 16:54:36,352 - ESCLogger - INFO - Curve Fit Path: ~/Log_Files/curvefit.png
2026-03-18 16:54:36,352 - ESCLogger - INFO - Remote Input file Path: ~/DSO_IN/RemoteInputs.txt
2026-03-18 16:54:36,355 - ESCLogger - INFO - Default Power Factor: 0.5
2026-03-18 16:54:36,355 - ESCLogger - INFO - ESC SOC Limit: 20
2026-03-18 16:54:36,357 - ESCLogger - INFO - Inverter Rated S: 11000
2026-03-18 16:54:36,358 - ESCLogger - INFO - Normalizing Voltage: 125
2026-03-18 16:54:36,358 - ESCLogger - INFO - Max ESC Voltage Regulation Iterations: 100
2026-03-18 16:54:36,359 - ESCLogger - INFO - ESC Step Time: 2
2026-03-18 16:54:36,359 - ESCLogger - INFO - SOC Upper Voltage Limit: 20
2026-03-18 16:54:36,360 - ESCLogger - INFO - SOC Lower Voltage Limit: 95
2026-03-18 16:54:36,375 - ESCLogger - INFO - ESC Agent initialized with configuration:
2026-03-18 16:54:36,375 - ESCLogger - INFO - DB Path: /home/taha/Log_Files/inverter_operations.db
2026-03-18 16:54:36,375 - ESCLogger - INFO - File Path: /home/taha/Log_Files/register_data_log.txt
2026-03-18 16:54:36,376 - ESCLogger - INFO - Curve Fit Path: /home/taha/Log_Files/curvefit.png
2026-03-18 16:54:36,376 - ESCLogger - INFO - Curve Fit Path: /home/taha/DSO_IN/RemoteInputs.txt
2026-03-18 16:54:36,376 - ESCLogger - INFO - Default Power Factor: 0.5
2026-03-18 16:54:36,377 - ESCLogger - INFO - ESC SOC Limit: 20
2026-03-18 16:54:36,377 - ESCLogger - INFO - Inverter Rated S: 11000
2026-03-18 16:54:36,378 - ESCLogger - INFO - Normalizing Voltage: 125
2026-03-18 16:54:36,378 - ESCLogger - INFO - Max ESC Voltage Regulation Iterations: 100
2026-03-18 16:54:36,378 - ESCLogger - INFO - ESC Step Time: 2
2026-03-18 16:54:36,379 - ESCLogger - INFO - SOC Upper Voltage Limit: 20
2026-03-18 16:54:36,379 - ESCLogger - INFO - SOC Lower Voltage Limit: 95
2026-03-18 16:54:36,380 - ESCLogger - INFO - trying connecting to data base
2026-03-18 16:54:36,381 - ESCLogger - INFO - Connected to the SQLite database successfully
2026-03-18 16:54:36,592 - ESCLogger - INFO - E.Seeking Agent started...
2026-03-18 16:54:36,604 - ESCLogger - INFO - E.Seeking Agent started...
