2026-03-18 16:54:45,195 - PQAdjLogger - INFO - Configuration values loaded:
2026-03-18 16:54:45,196 - PQAdjLogger - INFO - DB Path: ~/Log_Files/inverter_operations.db
2026-03-18 16:54:45,202 - PQAdjLogger - INFO - File Path: ~/Log_Files/register_data_log.txt
2026-03-18 16:54:45,202 - PQAdjLogger - INFO - Curve Fit Path: ~/Log_Files/curvefit.png
2026-03-18 16:54:45,203 - PQAdjLogger - INFO - Remote Input file Path: ~/DSO_IN/RemoteInputs.txt
2026-03-18 16:54:45,203 - PQAdjLogger - INFO - Default Power Factor: 0.5
2026-03-18 16:54:45,204 - PQAdjLogger - INFO - ESC SOC Limit: 20
2026-03-18 16:54:45,204 - PQAdjLogger - INFO - Inverter Rated S: 11000
2026-03-18 16:54:45,204 - PQAdjLogger - INFO - Normalizing Voltage: 125
2026-03-18 16:54:45,205 - PQAdjLogger - INFO - Max ESC Voltage Regulation Iterations: 100
2026-03-18 16:54:45,205 - PQAdjLogger - INFO - ESC Step Time: 2
2026-03-18 16:54:45,205 - PQAdjLogger - INFO - SOC Upper Voltage Limit: 20
2026-03-18 16:54:45,206 - PQAdjLogger - INFO - SOC Lower Voltage Limit: 95
2026-03-18 16:54:45,221 - PQAdjLogger - INFO - ESC Agent initialized with configuration:
2026-03-18 16:54:45,222 - PQAdjLogger - INFO - DB Path: /home/taha/Log_Files/inverter_operations.db
2026-03-18 16:54:45,222 - PQAdjLogger - INFO - File Path: /home/taha/Log_Files/register_data_log.txt
2026-03-18 16:54:45,223 - PQAdjLogger - INFO - Curve Fit Path: /home/taha/Log_Files/curvefit.png
2026-03-18 16:54:45,223 - PQAdjLogger - INFO - Curve Fit Path: /home/taha/DSO_IN/RemoteInputs.txt
2026-03-18 16:54:45,223 - PQAdjLogger - INFO - Default Power Factor: 0.5
2026-03-18 16:54:45,224 - PQAdjLogger - INFO - ESC SOC Limit: 20
2026-03-18 16:54:45,224 - PQAdjLogger - INFO - Inverter Rated S: 11000
2026-03-18 16:54:45,224 - PQAdjLogger - INFO - Normalizing Voltage: 125
2026-03-18 16:54:45,225 - PQAdjLogger - INFO - Max ESC Voltage Regulation Iterations: 100
2026-03-18 16:54:45,225 - PQAdjLogger - INFO - ESC Step Time: 2
2026-03-18 16:54:45,225 - PQAdjLogger - INFO - SOC Upper Voltage Limit: 20
2026-03-18 16:54:45,226 - PQAdjLogger - INFO - SOC Lower Voltage Limit: 95
2026-03-18 16:54:45,227 - PQAdjLogger - INFO - trying connecting to data base
2026-03-18 16:54:45,228 - PQAdjLogger - INFO - Connected to the SQLite database successfully
2026-03-18 16:54:45,444 - PQAdjLogger - INFO - Configuration values loaded:
2026-03-18 16:54:45,444 - PQAdjLogger - INFO - DB Path: ~/Log_Files/inverter_operations.db
2026-03-18 16:54:45,445 - PQAdjLogger - INFO - File Path: ~/Log_Files/register_data_log.txt
2026-03-18 16:54:45,445 - PQAdjLogger - INFO - Curve Fit Path: ~/Log_Files/curvefit.png
2026-03-18 16:54:45,445 - PQAdjLogger - INFO - Remote Input file Path: ~/DSO_IN/RemoteInputs.txt
2026-03-18 16:54:45,446 - PQAdjLogger - INFO - Default Power Factor: 0.5
2026-03-18 16:54:45,446 - PQAdjLogger - INFO - ESC SOC Limit: 20
2026-03-18 16:54:45,446 - PQAdjLogger - INFO - Inverter Rated S: 11000
2026-03-18 16:54:45,447 - PQAdjLogger - INFO - Normalizing Voltage: 125
2026-03-18 16:54:45,447 - PQAdjLogger - INFO - Max ESC Voltage Regulation Iterations: 100
2026-03-18 16:54:45,447 - PQAdjLogger - INFO - ESC Step Time: 2
2026-03-18 16:54:45,448 - PQAdjLogger - INFO - SOC Upper Voltage Limit: 20
2026-03-18 16:54:45,448 - PQAdjLogger - INFO - SOC Lower Voltage Limit: 95
2026-03-18 16:54:45,461 - PQAdjLogger - INFO - ESC Agent initialized with configuration:
2026-03-18 16:54:45,462 - PQAdjLogger - INFO - DB Path: /home/taha/Log_Files/inverter_operations.db
2026-03-18 16:54:45,462 - PQAdjLogger - INFO - File Path: /home/taha/Log_Files/register_data_log.txt
2026-03-18 16:54:45,463 - PQAdjLogger - INFO - Curve Fit Path: /home/taha/Log_Files/curvefit.png
2026-03-18 16:54:45,463 - PQAdjLogger - INFO - Curve Fit Path: /home/taha/DSO_IN/RemoteInputs.txt
2026-03-18 16:54:45,463 - PQAdjLogger - INFO - Default Power Factor: 0.5
2026-03-18 16:54:45,463 - PQAdjLogger - INFO - ESC SOC Limit: 20
2026-03-18 16:54:45,464 - PQAdjLogger - INFO - Inverter Rated S: 11000
2026-03-18 16:54:45,464 - PQAdjLogger - INFO - Normalizing Voltage: 125
2026-03-18 16:54:45,464 - PQAdjLogger - INFO - Max ESC Voltage Regulation Iterations: 100
2026-03-18 16:54:45,465 - PQAdjLogger - INFO - ESC Step Time: 2
2026-03-18 16:54:45,465 - PQAdjLogger - INFO - SOC Upper Voltage Limit: 20
2026-03-18 16:54:45,465 - PQAdjLogger - INFO - SOC Lower Voltage Limit: 95
2026-03-18 16:54:45,466 - PQAdjLogger - INFO - trying connecting to data base
2026-03-18 16:54:45,467 - PQAdjLogger - INFO - Connected to the SQLite database successfully
2026-03-18 16:54:45,576 - PQAdjLogger - INFO - PQAdj Agent started...
2026-03-18 16:54:45,765 - PQAdjLogger - INFO - PQAdj Agent started...
